20/08/01 17:07:45 ** --- MESSAGE BEGIN ---
20/08/01 17:07:45 ** To: raphaondobo@gmail.com
20/08/01 17:07:45 ** Subject: Activation Account
20/08/01 17:07:45 ** 
20/08/01 17:07:45 ** Utilisez le lien ci-dessous pour activer votre compte pushSMS. afin de commencer à utiliser votre compte 
20/08/01 17:07:45 **   
20/08/01 17:07:45 **                 Merci de votre
20/08/01 17:07:45 ** --- MESSAGE END ---
20/08/01 17:07:58 ** Connecting to smtp.gmail.com:587
20/08/01 17:08:00 ** Connected.
20/08/01 17:08:00 << 220 smtp.gmail.com ESMTP v11sm17224975wrr.10 - gsmtp<EOL>
20/08/01 17:08:00 >> EHLO MARTINS.gmail.com<EOL>
20/08/01 17:08:00 << 250-smtp.gmail.com at your service, [154.72.167.2]<EOL>250-SIZE 35882577<EOL>250-8BITMIME<EOL>250-STARTTLS<EOL>250-ENHANCEDSTATUSCODES<EOL>250-PIPELINING<EOL>250-CHUNKING<EOL>250 SMTPUTF8<EOL>
20/08/01 17:08:00 ** Authenticating as pushsmsinfo@gmail.com
20/08/01 17:08:00 >> STARTTLS<EOL>
20/08/01 17:08:00 << 220 2.0.0 Ready to start TLS<EOL>
20/08/01 17:08:01 >> EHLO MARTINS.gmail.com<EOL>
20/08/01 17:08:01 << 250-smtp.gmail.com at your service, [154.72.167.2]<EOL>250-SIZE 35882577<EOL>250-8BITMIME<EOL>250-AUTH LOGIN PLAIN XOAUTH2 PLAIN-CLIENTTOKEN OAUTHBEARER XOAUTH<EOL>250-ENHANCEDSTATUSCODES<EOL>250-PIPELINING<EOL>250-CHUNKING<EOL>250 SMTPUTF8<EOL>
20/08/01 17:08:01 >> AUTH LOGIN<EOL>
20/08/01 17:08:02 << 334 VXNlcm5hbWU6<EOL>
20/08/01 17:08:02 >> cHVzaHNtc2luZm9AZ21haWwuY29t<EOL>
20/08/01 17:08:02 << 334 UGFzc3dvcmQ6<EOL>
20/08/01 17:08:02 >> cWVnY3dydmdyZHZxa2NkZw==<EOL>
20/08/01 17:08:02 << 235 2.7.0 Accepted<EOL>
20/08/01 17:08:02 >> MAIL FROM: <pushsmsinfo@gmail.com><EOL>
20/08/01 17:08:02 << 250 2.1.0 OK v11sm17224975wrr.10 - gsmtp<EOL>
20/08/01 17:08:02 >> RCPT TO: <raphaondobo@gmail.com><EOL>
20/08/01 17:08:02 << 250 2.1.5 OK v11sm17224975wrr.10 - gsmtp<EOL>
20/08/01 17:08:02 >> DATA<EOL>
20/08/01 17:08:03 << 354  Go ahead v11sm17224975wrr.10 - gsmtp<EOL>
20/08/01 17:08:03 >> Date: Sat, 1 Aug 2020 17:08:03 +0100<EOL>
20/08/01 17:08:03 >> To: raphaondobo@gmail.com<EOL>
20/08/01 17:08:03 >> Subject: Activation Account<EOL>
20/08/01 17:08:03 >> <EOL>
20/08/01 17:08:03 >> Utilisez le lien ci-dessous pour activer votre compte pushSMS. afin de commencer à utiliser votre compte <EOL>
20/08/01 17:08:03 >>   <EOL>
20/08/01 17:08:03 >>                 Merci de votre<EOL>
20/08/01 17:08:03 >> .<EOL>
20/08/01 17:08:04 << 250 2.0.0 OK  1596298083 v11sm17224975wrr.10 - gsmtp<EOL>
20/08/01 17:08:04 >> QUIT<EOL>
20/08/01 17:08:04 << 221 2.0.0 closing connection v11sm17224975wrr.10 - gsmtp<EOL>
20/08/01 17:08:04 ** Disconnected.
20/08/01 17:08:04 ** Disconnected.
20/08/01 17:08:04 ** Disconnected.
20/08/01 18:00:07 ** --- MESSAGE BEGIN ---
20/08/01 18:00:07 ** To: raphaondobo@gmail.com
20/08/01 18:00:07 ** Subject: Activation Account
20/08/01 18:00:07 ** 
20/08/01 18:00:07 ** Utilisez le lien ci-dessous pour activer votre compte pushSMS. afin de commencer à utiliser votre compte 
20/08/01 18:00:07 ** http://192.168.8.103:8000/activationAccount/7fe64d1d0f1e12d6d9d4fdb1725755d27f64f323Merci de votre confiance
20/08/01 18:00:08 ** --- MESSAGE END ---
20/08/01 18:00:10 ** Connecting to smtp.gmail.com:587
20/08/01 18:00:12 ** Connected.
20/08/01 18:00:12 << 220 smtp.gmail.com ESMTP s205sm18391062wme.7 - gsmtp<EOL>
20/08/01 18:00:12 >> EHLO MARTINS.gmail.com<EOL>
20/08/01 18:00:12 << 250-smtp.gmail.com at your service, [154.72.167.2]<EOL>250-SIZE 35882577<EOL>250-8BITMIME<EOL>250-STARTTLS<EOL>250-ENHANCEDSTATUSCODES<EOL>250-PIPELINING<EOL>250-CHUNKING<EOL>250 SMTPUTF8<EOL>
20/08/01 18:00:12 ** Authenticating as pushsmsinfo@gmail.com
20/08/01 18:00:12 >> STARTTLS<EOL>
20/08/01 18:00:12 << 220 2.0.0 Ready to start TLS<EOL>
20/08/01 18:00:13 >> EHLO MARTINS.gmail.com<EOL>
20/08/01 18:00:13 << 250-smtp.gmail.com at your service, [154.72.167.2]<EOL>250-SIZE 35882577<EOL>250-8BITMIME<EOL>250-AUTH LOGIN PLAIN XOAUTH2 PLAIN-CLIENTTOKEN OAUTHBEARER XOAUTH<EOL>250-ENHANCEDSTATUSCODES<EOL>250-PIPELINING<EOL>250-CHUNKING<EOL>250 SMTPUTF8<EOL>
20/08/01 18:00:13 >> AUTH LOGIN<EOL>
20/08/01 18:00:13 << 334 VXNlcm5hbWU6<EOL>
20/08/01 18:00:13 >> cHVzaHNtc2luZm9AZ21haWwuY29t<EOL>
20/08/01 18:00:13 << 334 UGFzc3dvcmQ6<EOL>
20/08/01 18:00:13 >> cWVnY3dydmdyZHZxa2NkZw==<EOL>
20/08/01 18:00:14 << 235 2.7.0 Accepted<EOL>
20/08/01 18:00:14 >> MAIL FROM: <pushsmsinfo@gmail.com><EOL>
20/08/01 18:00:14 << 250 2.1.0 OK s205sm18391062wme.7 - gsmtp<EOL>
20/08/01 18:00:14 >> RCPT TO: <raphaondobo@gmail.com><EOL>
20/08/01 18:00:14 << 250 2.1.5 OK s205sm18391062wme.7 - gsmtp<EOL>
20/08/01 18:00:14 >> DATA<EOL>
20/08/01 18:00:14 << 354  Go ahead s205sm18391062wme.7 - gsmtp<EOL>
20/08/01 18:00:14 >> Date: Sat, 1 Aug 2020 18:00:14 +0100<EOL>
20/08/01 18:00:14 >> To: raphaondobo@gmail.com<EOL>
20/08/01 18:00:14 >> Subject: Activation Account<EOL>
20/08/01 18:00:14 >> <EOL>
20/08/01 18:00:14 >> Utilisez le lien ci-dessous pour activer votre compte pushSMS. afin de commencer à utiliser votre compte <EOL>
20/08/01 18:00:14 >> http://192.168.8.103:8000/activationAccount/7fe64d1d0f1e12d6d9d4fdb1725755d27f64f323Merci de votre confiance<EOL>
20/08/01 18:00:14 >> .<EOL>
20/08/01 18:00:15 << 250 2.0.0 OK  1596301214 s205sm18391062wme.7 - gsmtp<EOL>
20/08/01 18:00:15 >> QUIT<EOL>
20/08/01 18:00:15 << 221 2.0.0 closing connection s205sm18391062wme.7 - gsmtp<EOL>
20/08/01 18:00:15 ** Disconnecting from smtp.gmail.com:587
20/08/01 18:00:15 ** Disconnected.
20/08/01 18:00:15 ** Disconnected.
20/08/01 18:05:45 ** --- MESSAGE BEGIN ---
20/08/01 18:05:46 ** To: raphaondobo@gmail.com
20/08/01 18:05:46 ** Subject: Activation Account
20/08/01 18:05:46 ** 
20/08/01 18:05:46 ** Utilisez le lien ci-dessous pour activer votre compte pushSMS. afin de commencer à l utiliser 
20/08/01 18:05:46 ** http://192.168.8.103:8000/activationAccount/7fe64d1d0f1e12d6d9d4fdb1725755d27f64f323 si le lien ne s'active pas automatiquement veuillez svp le copier et coller dans un navigateur 
20/08/01 18:05:46 **  Merci de votre confiance
20/08/01 18:05:46 ** --- MESSAGE END ---
20/08/01 18:05:47 ** Connecting to smtp.gmail.com:587
20/08/01 18:05:47 ** Connected.
20/08/01 18:05:47 << 220 smtp.gmail.com ESMTP x4sm19956371wru.81 - gsmtp<EOL>
20/08/01 18:05:47 >> EHLO MARTINS.gmail.com<EOL>
20/08/01 18:05:47 << 250-smtp.gmail.com at your service, [154.72.167.2]<EOL>250-SIZE 35882577<EOL>250-8BITMIME<EOL>250-STARTTLS<EOL>250-ENHANCEDSTATUSCODES<EOL>250-PIPELINING<EOL>250-CHUNKING<EOL>250 SMTPUTF8<EOL>
20/08/01 18:05:47 ** Authenticating as pushsmsinfo@gmail.com
20/08/01 18:05:47 >> STARTTLS<EOL>
20/08/01 18:05:48 << 220 2.0.0 Ready to start TLS<EOL>
20/08/01 18:05:48 >> EHLO MARTINS.gmail.com<EOL>
20/08/01 18:05:48 << 250-smtp.gmail.com at your service, [154.72.167.2]<EOL>250-SIZE 35882577<EOL>250-8BITMIME<EOL>250-AUTH LOGIN PLAIN XOAUTH2 PLAIN-CLIENTTOKEN OAUTHBEARER XOAUTH<EOL>250-ENHANCEDSTATUSCODES<EOL>250-PIPELINING<EOL>250-CHUNKING<EOL>250 SMTPUTF8<EOL>
20/08/01 18:05:48 >> AUTH LOGIN<EOL>
20/08/01 18:05:48 << 334 VXNlcm5hbWU6<EOL>
20/08/01 18:05:48 >> cHVzaHNtc2luZm9AZ21haWwuY29t<EOL>
20/08/01 18:05:49 << 334 UGFzc3dvcmQ6<EOL>
20/08/01 18:05:49 >> cWVnY3dydmdyZHZxa2NkZw==<EOL>
20/08/01 18:05:49 << 235 2.7.0 Accepted<EOL>
20/08/01 18:05:49 >> MAIL FROM: <pushsmsinfo@gmail.com><EOL>
20/08/01 18:05:49 << 250 2.1.0 OK x4sm19956371wru.81 - gsmtp<EOL>
20/08/01 18:05:49 >> RCPT TO: <raphaondobo@gmail.com><EOL>
20/08/01 18:05:49 << 250 2.1.5 OK x4sm19956371wru.81 - gsmtp<EOL>
20/08/01 18:05:49 >> DATA<EOL>
20/08/01 18:05:50 << 354  Go ahead x4sm19956371wru.81 - gsmtp<EOL>
20/08/01 18:05:50 >> Date: Sat, 1 Aug 2020 18:05:50 +0100<EOL>
20/08/01 18:05:50 >> To: raphaondobo@gmail.com<EOL>
20/08/01 18:05:50 >> Subject: Activation Account<EOL>
20/08/01 18:05:50 >> <EOL>
20/08/01 18:05:50 >> Utilisez le lien ci-dessous pour activer votre compte pushSMS. afin de commencer à l utiliser <EOL>
20/08/01 18:05:50 >> http://192.168.8.103:8000/activationAccount/7fe64d1d0f1e12d6d9d4fdb1725755d27f64f323 si le lien ne s'active pas automatiquement veuillez svp le copier et coller dans un navigateur <EOL>
20/08/01 18:05:50 >>  Merci de votre confiance<EOL>
20/08/01 18:05:50 >> .<EOL>
20/08/01 18:05:51 << 250 2.0.0 OK  1596301550 x4sm19956371wru.81 - gsmtp<EOL>
20/08/01 18:05:51 >> QUIT<EOL>
20/08/01 18:05:51 << 221 2.0.0 closing connection x4sm19956371wru.81 - gsmtp<EOL>
20/08/01 18:05:51 ** Disconnected.
20/08/01 18:05:51 ** Disconnected.
20/08/01 18:05:51 ** Disconnected.
20/08/01 18:16:03 ** --- MESSAGE BEGIN ---
20/08/01 18:16:03 ** To: raphaondobo@gmail.com
20/08/01 18:16:03 ** Subject: Activation Account
20/08/01 18:16:03 ** 
20/08/01 18:16:03 ** Utilisez le lien ci-dessous pour activer votre compte pushSMS. afin de commencer à l utiliser 
20/08/01 18:16:03 ** http://192.168.8.103:8000/activationAccount/7fe64d1d0f1e12d6d9d4fdb1725755d27f64f323 si le lien ne s'active pas automatiquement veuillez svp le copier et coller dans un navigateur 
20/08/01 18:16:03 **  Merci de votre confiance
20/08/01 18:16:03 ** --- MESSAGE END ---
20/08/01 18:16:04 ** Connecting to smtp.gmail.com:587
20/08/01 18:16:05 ** Connected.
20/08/01 18:16:05 << 220 smtp.gmail.com ESMTP n189sm16255498wmn.40 - gsmtp<EOL>
20/08/01 18:16:05 >> EHLO MARTINS.gmail.com<EOL>
20/08/01 18:16:05 << 250-smtp.gmail.com at your service, [154.72.167.2]<EOL>250-SIZE 35882577<EOL>250-8BITMIME<EOL>250-STARTTLS<EOL>250-ENHANCEDSTATUSCODES<EOL>250-PIPELINING<EOL>250-CHUNKING<EOL>250 SMTPUTF8<EOL>
20/08/01 18:16:05 ** Authenticating as pushsmsinfo@gmail.com
20/08/01 18:16:05 >> STARTTLS<EOL>
20/08/01 18:16:05 << 220 2.0.0 Ready to start TLS<EOL>
20/08/01 18:16:05 >> EHLO MARTINS.gmail.com<EOL>
20/08/01 18:16:05 << 250-smtp.gmail.com at your service, [154.72.167.2]<EOL>250-SIZE 35882577<EOL>250-8BITMIME<EOL>250-AUTH LOGIN PLAIN XOAUTH2 PLAIN-CLIENTTOKEN OAUTHBEARER XOAUTH<EOL>250-ENHANCEDSTATUSCODES<EOL>250-PIPELINING<EOL>250-CHUNKING<EOL>250 SMTPUTF8<EOL>
20/08/01 18:16:05 >> AUTH LOGIN<EOL>
20/08/01 18:16:06 << 334 VXNlcm5hbWU6<EOL>
20/08/01 18:16:06 >> cHVzaHNtc2luZm9AZ21haWwuY29t<EOL>
20/08/01 18:16:06 << 334 UGFzc3dvcmQ6<EOL>
20/08/01 18:16:06 >> cWVnY3dydmdyZHZxa2NkZw==<EOL>
20/08/01 18:16:06 << 235 2.7.0 Accepted<EOL>
20/08/01 18:16:06 >> MAIL FROM: <pushsmsinfo@gmail.com><EOL>
20/08/01 18:16:06 << 250 2.1.0 OK n189sm16255498wmn.40 - gsmtp<EOL>
20/08/01 18:16:06 >> RCPT TO: <raphaondobo@gmail.com><EOL>
20/08/01 18:16:06 << 250 2.1.5 OK n189sm16255498wmn.40 - gsmtp<EOL>
20/08/01 18:16:06 >> DATA<EOL>
20/08/01 18:16:07 << 354  Go ahead n189sm16255498wmn.40 - gsmtp<EOL>
20/08/01 18:16:07 >> Date: Sat, 1 Aug 2020 18:16:07 +0100<EOL>
20/08/01 18:16:07 >> To: raphaondobo@gmail.com<EOL>
20/08/01 18:16:07 >> Subject: Activation Account<EOL>
20/08/01 18:16:07 >> <EOL>
20/08/01 18:16:07 >> Utilisez le lien ci-dessous pour activer votre compte pushSMS. afin de commencer à l utiliser <EOL>
20/08/01 18:16:07 >> http://192.168.8.103:8000/activationAccount/7fe64d1d0f1e12d6d9d4fdb1725755d27f64f323 si le lien ne s'active pas automatiquement veuillez svp le copier et coller dans un navigateur <EOL>
20/08/01 18:16:07 >>  Merci de votre confiance<EOL>
20/08/01 18:16:07 >> .<EOL>
20/08/01 18:16:07 << 250 2.0.0 OK  1596302167 n189sm16255498wmn.40 - gsmtp<EOL>
20/08/01 18:16:07 >> QUIT<EOL>
20/08/01 18:16:08 << 221 2.0.0 closing connection n189sm16255498wmn.40 - gsmtp<EOL>
20/08/01 18:16:08 ** Disconnecting from smtp.gmail.com:587
20/08/01 18:16:08 ** Disconnected.
20/08/01 18:16:08 ** Disconnected.
20/08/01 21:14:49 ** --- MESSAGE BEGIN ---
20/08/01 21:14:49 ** To: raphaondobo@gmail.com
20/08/01 21:14:49 ** Subject: Activation Account
20/08/01 21:14:49 ** 
20/08/01 21:14:49 ** Utilisez le lien ci-dessous pour activer votre compte pushSMS. afin de commencer à l utiliser 
20/08/01 21:14:49 ** http://192.168.8.103:8000/activationAccount/7fe64d1d0f1e12d6d9d4fdb1725755d27f64f323 si le lien ne s'active pas automatiquement veuillez svp le copier et coller dans un navigateur 
20/08/01 21:14:49 **  Merci de votre confiance
20/08/01 21:14:49 ** --- MESSAGE END ---
20/08/01 21:14:52 ** Connecting to smtp.gmail.com:587
20/08/01 21:14:53 ** Connected.
20/08/01 21:14:53 << 220 smtp.gmail.com ESMTP u17sm16959957wrp.70 - gsmtp<EOL>
20/08/01 21:14:53 >> EHLO MARTINS.gmail.com<EOL>
20/08/01 21:14:54 << 250-smtp.gmail.com at your service, [154.72.167.2]<EOL>250-SIZE 35882577<EOL>250-8BITMIME<EOL>250-STARTTLS<EOL>250-ENHANCEDSTATUSCODES<EOL>250-PIPELINING<EOL>250-CHUNKING<EOL>250 SMTPUTF8<EOL>
20/08/01 21:14:54 ** Authenticating as pushsmsinfo@gmail.com
20/08/01 21:14:54 >> STARTTLS<EOL>
20/08/01 21:14:54 << 220 2.0.0 Ready to start TLS<EOL>
20/08/01 21:14:54 >> EHLO MARTINS.gmail.com<EOL>
20/08/01 21:14:54 << 250-smtp.gmail.com at your service, [154.72.167.2]<EOL>250-SIZE 35882577<EOL>250-8BITMIME<EOL>250-AUTH LOGIN PLAIN XOAUTH2 PLAIN-CLIENTTOKEN OAUTHBEARER XOAUTH<EOL>250-ENHANCEDSTATUSCODES<EOL>250-PIPELINING<EOL>250-CHUNKING<EOL>250 SMTPUTF8<EOL>
20/08/01 21:14:54 >> AUTH LOGIN<EOL>
20/08/01 21:14:57 << 334 VXNlcm5hbWU6<EOL>
20/08/01 21:14:57 >> cHVzaHNtc2luZm9AZ21haWwuY29t<EOL>
20/08/01 21:14:57 << 334 UGFzc3dvcmQ6<EOL>
20/08/01 21:14:57 >> cWVnY3dydmdyZHZxa2NkZw==<EOL>
20/08/01 21:14:58 << 235 2.7.0 Accepted<EOL>
20/08/01 21:14:58 >> MAIL FROM: <pushsmsinfo@gmail.com><EOL>
20/08/01 21:14:58 << 250 2.1.0 OK u17sm16959957wrp.70 - gsmtp<EOL>
20/08/01 21:14:58 >> RCPT TO: <raphaondobo@gmail.com><EOL>
20/08/01 21:14:58 << 250 2.1.5 OK u17sm16959957wrp.70 - gsmtp<EOL>
20/08/01 21:14:58 >> DATA<EOL>
20/08/01 21:14:59 << 354  Go ahead u17sm16959957wrp.70 - gsmtp<EOL>
20/08/01 21:14:59 >> Date: Sat, 1 Aug 2020 21:14:59 +0100<EOL>
20/08/01 21:14:59 >> To: raphaondobo@gmail.com<EOL>
20/08/01 21:14:59 >> Subject: Activation Account<EOL>
20/08/01 21:14:59 >> <EOL>
20/08/01 21:14:59 >> Utilisez le lien ci-dessous pour activer votre compte pushSMS. afin de commencer à l utiliser <EOL>
20/08/01 21:14:59 >> http://192.168.8.103:8000/activationAccount/7fe64d1d0f1e12d6d9d4fdb1725755d27f64f323 si le lien ne s'active pas automatiquement veuillez svp le copier et coller dans un navigateur <EOL>
20/08/01 21:14:59 >>  Merci de votre confiance<EOL>
20/08/01 21:14:59 >> .<EOL>
20/08/01 21:15:00 << 250 2.0.0 OK  1596312899 u17sm16959957wrp.70 - gsmtp<EOL>
20/08/01 21:15:00 >> QUIT<EOL>
20/08/01 21:15:09 << 221 2.0.0 closing connection u17sm16959957wrp.70 - gsmtp<EOL>
20/08/01 21:15:09 ** Disconnected.
20/08/01 21:15:09 ** Disconnected.
20/08/01 21:15:09 ** Disconnected.
20/08/03 12:11:30 ** --- MESSAGE BEGIN ---
20/08/03 12:11:30 ** To: 
20/08/03 12:11:30 ** Subject: 
20/08/03 12:11:30 ** 
20/08/03 12:11:30 ** 
20/08/03 12:11:30 ** --- MESSAGE END ---
20/08/03 12:11:30 ** Message is missing recipient's address
20/08/03 12:12:05 ** --- MESSAGE BEGIN ---
20/08/03 12:12:05 ** To: 
20/08/03 12:12:05 ** Subject: 
20/08/03 12:12:05 ** 
20/08/03 12:12:05 ** 
20/08/03 12:12:05 ** --- MESSAGE END ---
20/08/03 12:12:05 ** Message is missing recipient's address
20/08/03 12:16:29 ** --- MESSAGE BEGIN ---
20/08/03 12:16:29 ** To: raphaelgloire@yahoo.fr
20/08/03 12:16:29 ** Subject: Activation Account
20/08/03 12:16:30 ** 
20/08/03 12:16:30 ** Utilisez le lien ci-dessous pour activer votre compte pushSMS. afin de commencer à l utiliser 
20/08/03 12:16:30 ** http://192.168.10.105:8000/activationAccount/dfa4bb3e4de1e3ec8368dff4ec76e740e355e685 si le lien ne s'active pas automatiquement veuillez svp le copier et coller dans un navigateur 
20/08/03 12:16:30 **  Merci de votre confiance
20/08/03 12:16:30 ** --- MESSAGE END ---
20/08/03 12:16:36 ** Connecting to smtp.gmail.com:587
20/08/03 12:16:37 ** Connected.
20/08/03 12:16:37 << 220 smtp.gmail.com ESMTP d21sm14938763wmd.41 - gsmtp<EOL>
20/08/03 12:16:37 >> EHLO MARTINS.gmail.com<EOL>
20/08/03 12:16:38 << 250-smtp.gmail.com at your service, [154.72.167.94]<EOL>250-SIZE 35882577<EOL>250-8BITMIME<EOL>250-STARTTLS<EOL>250-ENHANCEDSTATUSCODES<EOL>250-PIPELINING<EOL>250-CHUNKING<EOL>250 SMTPUTF8<EOL>
20/08/03 12:16:38 ** Authenticating as pushsmsinfo@gmail.com
20/08/03 12:16:38 >> STARTTLS<EOL>
20/08/03 12:16:38 << 220 2.0.0 Ready to start TLS<EOL>
20/08/03 12:16:42 >> EHLO MARTINS.gmail.com<EOL>
20/08/03 12:16:42 << 250-smtp.gmail.com at your service, [154.72.167.94]<EOL>250-SIZE 35882577<EOL>250-8BITMIME<EOL>250-AUTH LOGIN PLAIN XOAUTH2 PLAIN-CLIENTTOKEN OAUTHBEARER XOAUTH<EOL>250-ENHANCEDSTATUSCODES<EOL>250-PIPELINING<EOL>250-CHUNKING<EOL>250 SMTPUTF8<EOL>
20/08/03 12:16:42 >> AUTH LOGIN<EOL>
20/08/03 12:16:42 << 334 VXNlcm5hbWU6<EOL>
20/08/03 12:16:42 >> cHVzaHNtc2luZm9AZ21haWwuY29t<EOL>
20/08/03 12:16:42 << 334 UGFzc3dvcmQ6<EOL>
20/08/03 12:16:42 >> cWVnY3dydmdyZHZxa2NkZw==<EOL>
20/08/03 12:16:43 << 235 2.7.0 Accepted<EOL>
20/08/03 12:16:43 >> MAIL FROM: <pushsmsinfo@gmail.com><EOL>
20/08/03 12:16:43 << 250 2.1.0 OK d21sm14938763wmd.41 - gsmtp<EOL>
20/08/03 12:16:43 >> RCPT TO: <raphaelgloire@yahoo.fr><EOL>
20/08/03 12:16:44 << 250 2.1.5 OK d21sm14938763wmd.41 - gsmtp<EOL>
20/08/03 12:16:44 >> DATA<EOL>
20/08/03 12:16:45 << 354  Go ahead d21sm14938763wmd.41 - gsmtp<EOL>
20/08/03 12:16:45 >> Date: Mon, 3 Aug 2020 12:16:45 +0100<EOL>
20/08/03 12:16:45 >> To: raphaelgloire@yahoo.fr<EOL>
20/08/03 12:16:45 >> Subject: Activation Account<EOL>
20/08/03 12:16:45 >> <EOL>
20/08/03 12:16:45 >> Utilisez le lien ci-dessous pour activer votre compte pushSMS. afin de commencer à l utiliser <EOL>
20/08/03 12:16:45 >> http://192.168.10.105:8000/activationAccount/dfa4bb3e4de1e3ec8368dff4ec76e740e355e685 si le lien ne s'active pas automatiquement veuillez svp le copier et coller dans un navigateur <EOL>
20/08/03 12:16:45 >>  Merci de votre confiance<EOL>
20/08/03 12:16:45 >> .<EOL>
20/08/03 12:16:46 << 250 2.0.0 OK  1596453404 d21sm14938763wmd.41 - gsmtp<EOL>
20/08/03 12:16:46 >> QUIT<EOL>
20/08/03 12:16:46 << 221 2.0.0 closing connection d21sm14938763wmd.41 - gsmtp<EOL>
20/08/03 12:16:46 ** Disconnecting from smtp.gmail.com:587
20/08/03 12:16:46 ** Disconnected.
20/08/03 12:16:46 ** Disconnected.
20/08/03 12:28:41 ** --- MESSAGE BEGIN ---
20/08/03 12:28:42 ** To: raphaelgloire@yahoo.fr
20/08/03 12:28:42 ** Subject: Activation Account
20/08/03 12:28:42 ** 
20/08/03 12:28:42 ** Utilisez le lien ci-dessous pour activer votre compte pushSMS. afin de commencer à l utiliser 
20/08/03 12:28:42 ** http://192.168.10.105:8000/activationAccount/dfa4bb3e4de1e3ec8368dff4ec76e740e355e685 si le lien ne s'active pas automatiquement veuillez svp le copier et coller dans un navigateur 
20/08/03 12:28:42 **  Merci de votre confiance
20/08/03 12:28:42 ** --- MESSAGE END ---
20/08/03 12:28:43 ** Connecting to smtp.gmail.com:587
20/08/03 12:28:44 ** Connected.
20/08/03 12:28:44 << 220 smtp.gmail.com ESMTP g3sm28085334wrb.59 - gsmtp<EOL>
20/08/03 12:28:44 >> EHLO MARTINS.gmail.com<EOL>
20/08/03 12:28:45 << 250-smtp.gmail.com at your service, [154.72.167.94]<EOL>250-SIZE 35882577<EOL>250-8BITMIME<EOL>250-STARTTLS<EOL>250-ENHANCEDSTATUSCODES<EOL>250-PIPELINING<EOL>250-CHUNKING<EOL>250 SMTPUTF8<EOL>
20/08/03 12:28:45 ** Authenticating as pushsmsinfo@gmail.com
20/08/03 12:28:45 >> STARTTLS<EOL>
20/08/03 12:28:45 << 220 2.0.0 Ready to start TLS<EOL>
20/08/03 12:28:45 >> EHLO MARTINS.gmail.com<EOL>
20/08/03 12:28:45 << 250-smtp.gmail.com at your service, [154.72.167.94]<EOL>250-SIZE 35882577<EOL>250-8BITMIME<EOL>250-AUTH LOGIN PLAIN XOAUTH2 PLAIN-CLIENTTOKEN OAUTHBEARER XOAUTH<EOL>250-ENHANCEDSTATUSCODES<EOL>250-PIPELINING<EOL>250-CHUNKING<EOL>250 SMTPUTF8<EOL>
20/08/03 12:28:45 >> AUTH LOGIN<EOL>
20/08/03 12:28:46 << 334 VXNlcm5hbWU6<EOL>
20/08/03 12:28:46 >> cHVzaHNtc2luZm9AZ21haWwuY29t<EOL>
20/08/03 12:28:46 << 334 UGFzc3dvcmQ6<EOL>
20/08/03 12:28:46 >> cWVnY3dydmdyZHZxa2NkZw==<EOL>
20/08/03 12:28:47 << 235 2.7.0 Accepted<EOL>
20/08/03 12:28:47 >> MAIL FROM: <pushsmsinfo@gmail.com><EOL>
20/08/03 12:28:47 << 250 2.1.0 OK g3sm28085334wrb.59 - gsmtp<EOL>
20/08/03 12:28:47 >> RCPT TO: <raphaelgloire@yahoo.fr><EOL>
20/08/03 12:28:47 << 250 2.1.5 OK g3sm28085334wrb.59 - gsmtp<EOL>
20/08/03 12:28:47 >> DATA<EOL>
20/08/03 12:28:48 << 354  Go ahead g3sm28085334wrb.59 - gsmtp<EOL>
20/08/03 12:28:48 >> Date: Mon, 3 Aug 2020 12:28:48 +0100<EOL>
20/08/03 12:28:48 >> To: raphaelgloire@yahoo.fr<EOL>
20/08/03 12:28:48 >> Subject: Activation Account<EOL>
20/08/03 12:28:48 >> <EOL>
20/08/03 12:28:48 >> Utilisez le lien ci-dessous pour activer votre compte pushSMS. afin de commencer à l utiliser <EOL>
20/08/03 12:28:48 >> http://192.168.10.105:8000/activationAccount/dfa4bb3e4de1e3ec8368dff4ec76e740e355e685 si le lien ne s'active pas automatiquement veuillez svp le copier et coller dans un navigateur <EOL>
20/08/03 12:28:48 >>  Merci de votre confiance<EOL>
20/08/03 12:28:48 >> .<EOL>
20/08/03 12:28:49 << 250 2.0.0 OK  1596454127 g3sm28085334wrb.59 - gsmtp<EOL>
20/08/03 12:28:49 >> QUIT<EOL>
20/08/03 12:28:53 << 221 2.0.0 closing connection g3sm28085334wrb.59 - gsmtp<EOL>
20/08/03 12:28:53 ** Disconnecting from smtp.gmail.com:587
20/08/03 12:28:53 ** Disconnected.
20/08/03 12:28:53 ** Disconnected.
20/08/03 12:31:52 ** --- MESSAGE BEGIN ---
20/08/03 12:31:52 ** To: raphaelgloire@yahoo.fr
20/08/03 12:31:52 ** Subject: Activation Account
20/08/03 12:31:52 ** 
20/08/03 12:31:52 ** Utilisez le lien ci-dessous pour activer votre compte pushSMS. afin de commencer à l utiliser 
20/08/03 12:31:52 ** http://192.168.10.105:8000/activationAccount/dfa4bb3e4de1e3ec8368dff4ec76e740e355e685 si le lien ne s'active pas automatiquement veuillez svp le copier et coller dans un navigateur 
20/08/03 12:31:52 **  Merci de votre confiance
20/08/03 12:31:52 ** --- MESSAGE END ---
20/08/03 12:31:54 ** Connecting to smtp.gmail.com:587
20/08/03 12:31:57 ** Connected.
20/08/03 12:31:57 << 220 smtp.gmail.com ESMTP g27sm14668600edf.57 - gsmtp<EOL>
20/08/03 12:31:57 >> EHLO MARTINS.gmail.com<EOL>
20/08/03 12:31:57 << 250-smtp.gmail.com at your service, [154.72.167.94]<EOL>250-SIZE 35882577<EOL>250-8BITMIME<EOL>250-STARTTLS<EOL>250-ENHANCEDSTATUSCODES<EOL>250-PIPELINING<EOL>250-CHUNKING<EOL>250 SMTPUTF8<EOL>
20/08/03 12:31:57 ** Authenticating as pushsmsinfo@gmail.com
20/08/03 12:31:57 >> STARTTLS<EOL>
20/08/03 12:31:58 << 220 2.0.0 Ready to start TLS<EOL>
20/08/03 12:31:59 >> EHLO MARTINS.gmail.com<EOL>
20/08/03 12:31:59 << 250-smtp.gmail.com at your service, [154.72.167.94]<EOL>250-SIZE 35882577<EOL>250-8BITMIME<EOL>250-AUTH LOGIN PLAIN XOAUTH2 PLAIN-CLIENTTOKEN OAUTHBEARER XOAUTH<EOL>250-ENHANCEDSTATUSCODES<EOL>250-PIPELINING<EOL>250-CHUNKING<EOL>250 SMTPUTF8<EOL>
20/08/03 12:31:59 >> AUTH LOGIN<EOL>
20/08/03 12:31:59 << 334 VXNlcm5hbWU6<EOL>
20/08/03 12:31:59 >> cHVzaHNtc2luZm9AZ21haWwuY29t<EOL>
20/08/03 12:31:59 << 334 UGFzc3dvcmQ6<EOL>
20/08/03 12:31:59 >> cWVnY3dydmdyZHZxa2NkZw==<EOL>
20/08/03 12:32:00 << 235 2.7.0 Accepted<EOL>
20/08/03 12:32:00 >> MAIL FROM: <pushsmsinfo@gmail.com><EOL>
20/08/03 12:32:00 << 250 2.1.0 OK g27sm14668600edf.57 - gsmtp<EOL>
20/08/03 12:32:00 >> RCPT TO: <raphaelgloire@yahoo.fr><EOL>
20/08/03 12:32:00 << 250 2.1.5 OK g27sm14668600edf.57 - gsmtp<EOL>
20/08/03 12:32:00 >> DATA<EOL>
20/08/03 12:32:01 << 354  Go ahead g27sm14668600edf.57 - gsmtp<EOL>
20/08/03 12:32:01 >> Date: Mon, 3 Aug 2020 12:32:01 +0100<EOL>
20/08/03 12:32:01 >> To: raphaelgloire@yahoo.fr<EOL>
20/08/03 12:32:01 >> Subject: Activation Account<EOL>
20/08/03 12:32:01 >> <EOL>
20/08/03 12:32:01 >> Utilisez le lien ci-dessous pour activer votre compte pushSMS. afin de commencer à l utiliser <EOL>
20/08/03 12:32:01 >> http://192.168.10.105:8000/activationAccount/dfa4bb3e4de1e3ec8368dff4ec76e740e355e685 si le lien ne s'active pas automatiquement veuillez svp le copier et coller dans un navigateur <EOL>
20/08/03 12:32:01 >>  Merci de votre confiance<EOL>
20/08/03 12:32:01 >> .<EOL>
20/08/03 12:32:02 << 250 2.0.0 OK  1596454320 g27sm14668600edf.57 - gsmtp<EOL>
20/08/03 12:32:02 >> QUIT<EOL>
20/08/03 12:32:02 << 221 2.0.0 closing connection g27sm14668600edf.57 - gsmtp<EOL>
20/08/03 12:32:02 ** Disconnecting from smtp.gmail.com:587
20/08/03 12:32:02 ** Disconnected.
20/08/03 12:32:02 ** Disconnected.
20/08/03 12:33:24 ** --- MESSAGE BEGIN ---
20/08/03 12:33:24 ** To: clovis.dassi@gmail.com
20/08/03 12:33:24 ** Subject: Activation Account
20/08/03 12:33:24 ** 
20/08/03 12:33:24 ** Utilisez le lien ci-dessous pour activer votre compte pushSMS. afin de commencer à l utiliser 
20/08/03 12:33:24 ** http://192.168.10.105:8000/activationAccount/58663165e395b5d6eaa6b9d685d9b6970087c924 si le lien ne s'active pas automatiquement veuillez svp le copier et coller dans un navigateur 
20/08/03 12:33:24 **  Merci de votre confiance
20/08/03 12:33:24 ** --- MESSAGE END ---
20/08/03 12:33:25 ** Connecting to smtp.gmail.com:587
20/08/03 12:33:25 ** Connected.
20/08/03 12:33:25 << 220 smtp.gmail.com ESMTP t18sm15629095edr.79 - gsmtp<EOL>
20/08/03 12:33:25 >> EHLO MARTINS.gmail.com<EOL>
20/08/03 12:33:26 << 250-smtp.gmail.com at your service, [154.72.167.94]<EOL>250-SIZE 35882577<EOL>250-8BITMIME<EOL>250-STARTTLS<EOL>250-ENHANCEDSTATUSCODES<EOL>250-PIPELINING<EOL>250-CHUNKING<EOL>250 SMTPUTF8<EOL>
20/08/03 12:33:26 ** Authenticating as pushsmsinfo@gmail.com
20/08/03 12:33:26 >> STARTTLS<EOL>
20/08/03 12:33:26 << 220 2.0.0 Ready to start TLS<EOL>
20/08/03 12:33:26 >> EHLO MARTINS.gmail.com<EOL>
20/08/03 12:33:26 << 250-smtp.gmail.com at your service, [154.72.167.94]<EOL>250-SIZE 35882577<EOL>250-8BITMIME<EOL>250-AUTH LOGIN PLAIN XOAUTH2 PLAIN-CLIENTTOKEN OAUTHBEARER XOAUTH<EOL>250-ENHANCEDSTATUSCODES<EOL>250-PIPELINING<EOL>250-CHUNKING<EOL>250 SMTPUTF8<EOL>
20/08/03 12:33:26 >> AUTH LOGIN<EOL>
20/08/03 12:33:27 << 334 VXNlcm5hbWU6<EOL>
20/08/03 12:33:27 >> cHVzaHNtc2luZm9AZ21haWwuY29t<EOL>
20/08/03 12:33:27 << 334 UGFzc3dvcmQ6<EOL>
20/08/03 12:33:27 >> cWVnY3dydmdyZHZxa2NkZw==<EOL>
20/08/03 12:33:28 << 235 2.7.0 Accepted<EOL>
20/08/03 12:33:28 >> MAIL FROM: <pushsmsinfo@gmail.com><EOL>
20/08/03 12:33:28 << 250 2.1.0 OK t18sm15629095edr.79 - gsmtp<EOL>
20/08/03 12:33:28 >> RCPT TO: <clovis.dassi@gmail.com><EOL>
20/08/03 12:33:28 << 250 2.1.5 OK t18sm15629095edr.79 - gsmtp<EOL>
20/08/03 12:33:28 >> DATA<EOL>
20/08/03 12:33:28 << 354  Go ahead t18sm15629095edr.79 - gsmtp<EOL>
20/08/03 12:33:28 >> Date: Mon, 3 Aug 2020 12:33:28 +0100<EOL>
20/08/03 12:33:28 >> To: clovis.dassi@gmail.com<EOL>
20/08/03 12:33:28 >> Subject: Activation Account<EOL>
20/08/03 12:33:28 >> <EOL>
20/08/03 12:33:28 >> Utilisez le lien ci-dessous pour activer votre compte pushSMS. afin de commencer à l utiliser <EOL>
20/08/03 12:33:28 >> http://192.168.10.105:8000/activationAccount/58663165e395b5d6eaa6b9d685d9b6970087c924 si le lien ne s'active pas automatiquement veuillez svp le copier et coller dans un navigateur <EOL>
20/08/03 12:33:28 >>  Merci de votre confiance<EOL>
20/08/03 12:33:28 >> .<EOL>
20/08/03 12:33:29 << 250 2.0.0 OK  1596454407 t18sm15629095edr.79 - gsmtp<EOL>
20/08/03 12:33:29 >> QUIT<EOL>
20/08/03 12:33:29 << 221 2.0.0 closing connection t18sm15629095edr.79 - gsmtp<EOL>
20/08/03 12:33:29 ** Disconnecting from smtp.gmail.com:587
20/08/03 12:33:29 ** Disconnected.
20/08/03 12:33:29 ** Disconnected.
20/08/03 12:34:33 ** --- MESSAGE BEGIN ---
20/08/03 12:34:33 ** To: raphaelgloire@yahoo.fr
20/08/03 12:34:33 ** Subject: Activation Account
20/08/03 12:34:33 ** 
20/08/03 12:34:33 ** Utilisez le lien ci-dessous pour activer votre compte pushSMS. afin de commencer à l utiliser 
20/08/03 12:34:33 ** http://192.168.10.105:8000/activationAccount/dfa4bb3e4de1e3ec8368dff4ec76e740e355e685 si le lien ne s'active pas automatiquement veuillez svp le copier et coller dans un navigateur 
20/08/03 12:34:33 **  Merci de votre confiance
20/08/03 12:34:33 ** --- MESSAGE END ---
20/08/03 12:34:34 ** Connecting to smtp.gmail.com:587
20/08/03 12:34:35 ** Connected.
20/08/03 12:34:35 << 220 smtp.gmail.com ESMTP l9sm16268079edj.12 - gsmtp<EOL>
20/08/03 12:34:35 >> EHLO MARTINS.gmail.com<EOL>
20/08/03 12:34:36 << 250-smtp.gmail.com at your service, [154.72.167.94]<EOL>250-SIZE 35882577<EOL>250-8BITMIME<EOL>250-STARTTLS<EOL>250-ENHANCEDSTATUSCODES<EOL>250-PIPELINING<EOL>250-CHUNKING<EOL>250 SMTPUTF8<EOL>
20/08/03 12:34:36 ** Authenticating as pushsmsinfo@gmail.com
20/08/03 12:34:36 >> STARTTLS<EOL>
20/08/03 12:34:36 << 220 2.0.0 Ready to start TLS<EOL>
20/08/03 12:34:37 >> EHLO MARTINS.gmail.com<EOL>
20/08/03 12:34:37 << 250-smtp.gmail.com at your service, [154.72.167.94]<EOL>250-SIZE 35882577<EOL>250-8BITMIME<EOL>250-AUTH LOGIN PLAIN XOAUTH2 PLAIN-CLIENTTOKEN OAUTHBEARER XOAUTH<EOL>250-ENHANCEDSTATUSCODES<EOL>250-PIPELINING<EOL>250-CHUNKING<EOL>250 SMTPUTF8<EOL>
20/08/03 12:34:37 >> AUTH LOGIN<EOL>
20/08/03 12:34:37 << 334 VXNlcm5hbWU6<EOL>
20/08/03 12:34:37 >> cHVzaHNtc2luZm9AZ21haWwuY29t<EOL>
20/08/03 12:34:38 << 334 UGFzc3dvcmQ6<EOL>
20/08/03 12:34:38 >> cWVnY3dydmdyZHZxa2NkZw==<EOL>
20/08/03 12:34:39 << 235 2.7.0 Accepted<EOL>
20/08/03 12:34:39 >> MAIL FROM: <pushsmsinfo@gmail.com><EOL>
20/08/03 12:34:40 << 250 2.1.0 OK l9sm16268079edj.12 - gsmtp<EOL>
20/08/03 12:34:40 >> RCPT TO: <raphaelgloire@yahoo.fr><EOL>
20/08/03 12:34:40 << 250 2.1.5 OK l9sm16268079edj.12 - gsmtp<EOL>
20/08/03 12:34:40 >> DATA<EOL>
20/08/03 12:34:40 << 354  Go ahead l9sm16268079edj.12 - gsmtp<EOL>
20/08/03 12:34:40 >> Date: Mon, 3 Aug 2020 12:34:40 +0100<EOL>
20/08/03 12:34:40 >> To: raphaelgloire@yahoo.fr<EOL>
20/08/03 12:34:40 >> Subject: Activation Account<EOL>
20/08/03 12:34:40 >> <EOL>
20/08/03 12:34:40 >> Utilisez le lien ci-dessous pour activer votre compte pushSMS. afin de commencer à l utiliser <EOL>
20/08/03 12:34:40 >> http://192.168.10.105:8000/activationAccount/dfa4bb3e4de1e3ec8368dff4ec76e740e355e685 si le lien ne s'active pas automatiquement veuillez svp le copier et coller dans un navigateur <EOL>
20/08/03 12:34:40 >>  Merci de votre confiance<EOL>
20/08/03 12:34:40 >> .<EOL>
20/08/03 12:34:41 << 250 2.0.0 OK  1596454480 l9sm16268079edj.12 - gsmtp<EOL>
20/08/03 12:34:41 >> QUIT<EOL>
20/08/03 12:34:42 << 221 2.0.0 closing connection l9sm16268079edj.12 - gsmtp<EOL>
20/08/03 12:34:42 ** Disconnected.
20/08/03 12:34:42 ** Disconnected.
20/08/03 12:34:42 ** Disconnected.
20/08/03 21:24:41 ** --- MESSAGE BEGIN ---
20/08/03 21:24:41 ** To: raphaondobo@gmail.com
20/08/03 21:24:41 ** Subject: PASSWORD RECOVERY
20/08/03 21:24:41 ** 
20/08/03 21:24:41 ** Vous avez Solliciter la reinitialisation de votre mot de passe \n Si tel est le cas cliquez sur le lien <a href="{{ route('resetpassword') }}">Change Password</a> \n Si ce n est pas vous ignorez tout simplement ce message
20/08/03 21:24:41 ** --- MESSAGE END ---
20/08/03 21:24:43 ** Connecting to smtp.gmail.com:587
20/08/03 21:24:45 ** Connected.
20/08/03 21:24:45 << 220 smtp.gmail.com ESMTP o7sm26338568wrv.50 - gsmtp<EOL>
20/08/03 21:24:45 >> EHLO MARTINS.gmail.com<EOL>
20/08/03 21:24:45 << 250-smtp.gmail.com at your service, [154.72.167.65]<EOL>250-SIZE 35882577<EOL>250-8BITMIME<EOL>250-STARTTLS<EOL>250-ENHANCEDSTATUSCODES<EOL>250-PIPELINING<EOL>250-CHUNKING<EOL>250 SMTPUTF8<EOL>
20/08/03 21:24:45 ** Authenticating as pushsmsinfo@gmail.com
20/08/03 21:24:45 >> STARTTLS<EOL>
20/08/03 21:24:45 << 220 2.0.0 Ready to start TLS<EOL>
20/08/03 21:24:46 >> EHLO MARTINS.gmail.com<EOL>
20/08/03 21:24:46 << 250-smtp.gmail.com at your service, [154.72.167.65]<EOL>250-SIZE 35882577<EOL>250-8BITMIME<EOL>250-AUTH LOGIN PLAIN XOAUTH2 PLAIN-CLIENTTOKEN OAUTHBEARER XOAUTH<EOL>250-ENHANCEDSTATUSCODES<EOL>250-PIPELINING<EOL>250-CHUNKING<EOL>250 SMTPUTF8<EOL>
20/08/03 21:24:46 >> AUTH LOGIN<EOL>
20/08/03 21:24:47 << 334 VXNlcm5hbWU6<EOL>
20/08/03 21:24:47 >> cHVzaHNtc2luZm9AZ21haWwuY29t<EOL>
20/08/03 21:24:47 << 334 UGFzc3dvcmQ6<EOL>
20/08/03 21:24:47 >> cWVnY3dydmdyZHZxa2NkZw==<EOL>
20/08/03 21:24:48 << 235 2.7.0 Accepted<EOL>
20/08/03 21:24:48 >> MAIL FROM: <pushsmsinfo@gmail.com><EOL>
20/08/03 21:24:48 << 250 2.1.0 OK o7sm26338568wrv.50 - gsmtp<EOL>
20/08/03 21:24:48 >> RCPT TO: <raphaondobo@gmail.com><EOL>
20/08/03 21:24:49 << 250 2.1.5 OK o7sm26338568wrv.50 - gsmtp<EOL>
20/08/03 21:24:49 >> DATA<EOL>
20/08/03 21:24:49 << 354  Go ahead o7sm26338568wrv.50 - gsmtp<EOL>
20/08/03 21:24:49 >> Date: Mon, 3 Aug 2020 21:24:49 +0100<EOL>
20/08/03 21:24:49 >> To: raphaondobo@gmail.com<EOL>
20/08/03 21:24:49 >> Subject: PASSWORD RECOVERY<EOL>
20/08/03 21:24:49 >> <EOL>
20/08/03 21:24:49 >> Vous avez Solliciter la reinitialisation de votre mot de passe \n Si tel est le cas cliquez sur le lien <a href="{{ route('resetpassword') }}">Change Password</a> \n Si ce n est pas vous ignorez tout simplement ce message<EOL>
20/08/03 21:24:49 >> .<EOL>
20/08/03 21:24:50 << 250 2.0.0 OK  1596486290 o7sm26338568wrv.50 - gsmtp<EOL>
20/08/03 21:24:50 >> QUIT<EOL>
20/08/03 21:24:50 << 221 2.0.0 closing connection o7sm26338568wrv.50 - gsmtp<EOL>
20/08/03 21:24:50 ** Disconnected.
20/08/03 21:24:50 ** Disconnected.
20/08/03 21:24:50 ** Disconnected.
20/08/03 21:31:47 ** --- MESSAGE BEGIN ---
20/08/03 21:31:47 ** To: raphaondobo@gmail.com
20/08/03 21:31:47 ** Subject: PASSWORD RECOVERY
20/08/03 21:31:48 ** 
20/08/03 21:31:48 ** Vous avez Solliciter la reinitialisation de votre mot de passe \n Si tel est le cas cliquez sur le lien <a href=http://192.168.8.105:8000/resetpassword/texttoken>Change Password</a> \n Si ce n est pas vous ignorez tout simplement ce message
20/08/03 21:31:48 ** --- MESSAGE END ---
20/08/03 21:31:49 ** Connecting to smtp.gmail.com:587
20/08/03 21:31:49 ** Connected.
20/08/03 21:31:49 << 220 smtp.gmail.com ESMTP d21sm1152616wmd.41 - gsmtp<EOL>
20/08/03 21:31:49 >> EHLO MARTINS.gmail.com<EOL>
20/08/03 21:31:50 << 250-smtp.gmail.com at your service, [154.72.167.65]<EOL>250-SIZE 35882577<EOL>250-8BITMIME<EOL>250-STARTTLS<EOL>250-ENHANCEDSTATUSCODES<EOL>250-PIPELINING<EOL>250-CHUNKING<EOL>250 SMTPUTF8<EOL>
20/08/03 21:31:50 ** Authenticating as pushsmsinfo@gmail.com
20/08/03 21:31:50 >> STARTTLS<EOL>
20/08/03 21:31:50 << 220 2.0.0 Ready to start TLS<EOL>
20/08/03 21:31:50 >> EHLO MARTINS.gmail.com<EOL>
20/08/03 21:31:50 << 250-smtp.gmail.com at your service, [154.72.167.65]<EOL>250-SIZE 35882577<EOL>250-8BITMIME<EOL>250-AUTH LOGIN PLAIN XOAUTH2 PLAIN-CLIENTTOKEN OAUTHBEARER XOAUTH<EOL>250-ENHANCEDSTATUSCODES<EOL>250-PIPELINING<EOL>250-CHUNKING<EOL>250 SMTPUTF8<EOL>
20/08/03 21:31:50 >> AUTH LOGIN<EOL>
20/08/03 21:31:50 << 334 VXNlcm5hbWU6<EOL>
20/08/03 21:31:50 >> cHVzaHNtc2luZm9AZ21haWwuY29t<EOL>
20/08/03 21:31:51 << 334 UGFzc3dvcmQ6<EOL>
20/08/03 21:31:51 >> cWVnY3dydmdyZHZxa2NkZw==<EOL>
20/08/03 21:31:51 << 235 2.7.0 Accepted<EOL>
20/08/03 21:31:51 >> MAIL FROM: <pushsmsinfo@gmail.com><EOL>
20/08/03 21:31:51 << 250 2.1.0 OK d21sm1152616wmd.41 - gsmtp<EOL>
20/08/03 21:31:51 >> RCPT TO: <raphaondobo@gmail.com><EOL>
20/08/03 21:31:51 << 250 2.1.5 OK d21sm1152616wmd.41 - gsmtp<EOL>
20/08/03 21:31:51 >> DATA<EOL>
20/08/03 21:31:52 << 354  Go ahead d21sm1152616wmd.41 - gsmtp<EOL>
20/08/03 21:31:52 >> Date: Mon, 3 Aug 2020 21:31:52 +0100<EOL>
20/08/03 21:31:52 >> To: raphaondobo@gmail.com<EOL>
20/08/03 21:31:52 >> Subject: PASSWORD RECOVERY<EOL>
20/08/03 21:31:52 >> <EOL>
20/08/03 21:31:52 >> Vous avez Solliciter la reinitialisation de votre mot de passe \n Si tel est le cas cliquez sur le lien <a href=http://192.168.8.105:8000/resetpassword/texttoken>Change Password</a> \n Si ce n est pas vous ignorez tout simplement ce message<EOL>
20/08/03 21:31:52 >> .<EOL>
20/08/03 21:31:53 << 250 2.0.0 OK  1596486713 d21sm1152616wmd.41 - gsmtp<EOL>
20/08/03 21:31:53 >> QUIT<EOL>
20/08/03 21:31:53 << 221 2.0.0 closing connection d21sm1152616wmd.41 - gsmtp<EOL>
20/08/03 21:31:53 ** Disconnecting from smtp.gmail.com:587
20/08/03 21:31:53 ** Disconnected.
20/08/03 21:31:53 ** Disconnected.
20/08/03 21:34:24 ** --- MESSAGE BEGIN ---
20/08/03 21:34:24 ** To: raphaondobo@gmail.com
20/08/03 21:34:24 ** Subject: PASSWORD RECOVERY
20/08/03 21:34:24 ** 
20/08/03 21:34:24 ** Vous avez Solliciter la reinitialisation de votre mot de passe  Si tel est le cas cliquez sur le lien ci http://192.168.8.105:8000/resetpassword/texttoken> Si ce n est pas vous ignorez tout simplement ce message.
20/08/03 21:34:24 ** --- MESSAGE END ---
20/08/03 21:34:25 ** Connecting to smtp.gmail.com:587
20/08/03 21:34:26 ** Connected.
20/08/03 21:34:26 << 220 smtp.gmail.com ESMTP v29sm27905000wrv.51 - gsmtp<EOL>
20/08/03 21:34:26 >> EHLO MARTINS.gmail.com<EOL>
20/08/03 21:34:26 << 250-smtp.gmail.com at your service, [154.72.167.65]<EOL>250-SIZE 35882577<EOL>250-8BITMIME<EOL>250-STARTTLS<EOL>250-ENHANCEDSTATUSCODES<EOL>250-PIPELINING<EOL>250-CHUNKING<EOL>250 SMTPUTF8<EOL>
20/08/03 21:34:26 ** Authenticating as pushsmsinfo@gmail.com
20/08/03 21:34:26 >> STARTTLS<EOL>
20/08/03 21:34:26 << 220 2.0.0 Ready to start TLS<EOL>
20/08/03 21:34:27 >> EHLO MARTINS.gmail.com<EOL>
20/08/03 21:34:28 << 250-smtp.gmail.com at your service, [154.72.167.65]<EOL>250-SIZE 35882577<EOL>250-8BITMIME<EOL>250-AUTH LOGIN PLAIN XOAUTH2 PLAIN-CLIENTTOKEN OAUTHBEARER XOAUTH<EOL>250-ENHANCEDSTATUSCODES<EOL>250-PIPELINING<EOL>250-CHUNKING<EOL>250 SMTPUTF8<EOL>
20/08/03 21:34:28 >> AUTH LOGIN<EOL>
20/08/03 21:34:28 << 334 VXNlcm5hbWU6<EOL>
20/08/03 21:34:28 >> cHVzaHNtc2luZm9AZ21haWwuY29t<EOL>
20/08/03 21:34:28 << 334 UGFzc3dvcmQ6<EOL>
20/08/03 21:34:28 >> cWVnY3dydmdyZHZxa2NkZw==<EOL>
20/08/03 21:34:29 << 235 2.7.0 Accepted<EOL>
20/08/03 21:34:29 >> MAIL FROM: <pushsmsinfo@gmail.com><EOL>
20/08/03 21:34:29 << 250 2.1.0 OK v29sm27905000wrv.51 - gsmtp<EOL>
20/08/03 21:34:29 >> RCPT TO: <raphaondobo@gmail.com><EOL>
20/08/03 21:34:29 << 250 2.1.5 OK v29sm27905000wrv.51 - gsmtp<EOL>
20/08/03 21:34:29 >> DATA<EOL>
20/08/03 21:34:30 << 354  Go ahead v29sm27905000wrv.51 - gsmtp<EOL>
20/08/03 21:34:30 >> Date: Mon, 3 Aug 2020 21:34:30 +0100<EOL>
20/08/03 21:34:30 >> To: raphaondobo@gmail.com<EOL>
20/08/03 21:34:30 >> Subject: PASSWORD RECOVERY<EOL>
20/08/03 21:34:30 >> <EOL>
20/08/03 21:34:30 >> Vous avez Solliciter la reinitialisation de votre mot de passe  Si tel est le cas cliquez sur le lien ci http://192.168.8.105:8000/resetpassword/texttoken> Si ce n est pas vous ignorez tout simplement ce message.<EOL>
20/08/03 21:34:30 >> .<EOL>
20/08/03 21:34:30 << 250 2.0.0 OK  1596486870 v29sm27905000wrv.51 - gsmtp<EOL>
20/08/03 21:34:30 >> QUIT<EOL>
20/08/03 21:34:31 << 221 2.0.0 closing connection v29sm27905000wrv.51 - gsmtp<EOL>
20/08/03 21:34:31 ** Disconnected.
20/08/03 21:34:31 ** Disconnected.
20/08/03 21:34:31 ** Disconnected.
20/08/12 06:52:59 ** --- MESSAGE BEGIN ---
20/08/12 06:52:59 ** To: raphaelgloire@yahoo.fr
20/08/12 06:52:59 ** Subject: Activation Account
20/08/12 06:52:59 ** 
20/08/12 06:52:59 ** Utilisez le lien ci-dessous pour activer votre compte pushSMS. afin de commencer à l utiliser 
20/08/12 06:52:59 ** http://192.168.8.102:8000/activationAccount/dfa4bb3e4de1e3ec8368dff4ec76e740e355e685 si le lien ne s'active pas automatiquement veuillez svp le copier et coller dans un navigateur 
20/08/12 06:52:59 **  Merci de votre confiance
20/08/12 06:52:59 ** --- MESSAGE END ---
20/08/12 06:53:04 ** Connecting to smtp.gmail.com:587
20/08/12 06:53:15 ** Connected.
20/08/12 06:53:15 << 220 smtp.gmail.com ESMTP o2sm2321485wrh.70 - gsmtp<EOL>
20/08/12 06:53:15 >> EHLO MARTINS.gmail.com<EOL>
20/08/12 06:53:15 << 250-smtp.gmail.com at your service, [154.72.150.112]<EOL>250-SIZE 35882577<EOL>250-8BITMIME<EOL>250-STARTTLS<EOL>250-ENHANCEDSTATUSCODES<EOL>250-PIPELINING<EOL>250-CHUNKING<EOL>250 SMTPUTF8<EOL>
20/08/12 06:53:15 ** Authenticating as pushsmsinfo@gmail.com
20/08/12 06:53:15 >> STARTTLS<EOL>
20/08/12 06:53:15 << 220 2.0.0 Ready to start TLS<EOL>
20/08/12 06:53:16 >> EHLO MARTINS.gmail.com<EOL>
20/08/12 06:53:16 << 250-smtp.gmail.com at your service, [154.72.150.112]<EOL>250-SIZE 35882577<EOL>250-8BITMIME<EOL>250-AUTH LOGIN PLAIN XOAUTH2 PLAIN-CLIENTTOKEN OAUTHBEARER XOAUTH<EOL>250-ENHANCEDSTATUSCODES<EOL>250-PIPELINING<EOL>250-CHUNKING<EOL>250 SMTPUTF8<EOL>
20/08/12 06:53:16 >> AUTH LOGIN<EOL>
20/08/12 06:53:16 << 334 VXNlcm5hbWU6<EOL>
20/08/12 06:53:16 >> cHVzaHNtc2luZm9AZ21haWwuY29t<EOL>
20/08/12 06:53:16 << 334 UGFzc3dvcmQ6<EOL>
20/08/12 06:53:16 >> cWVnY3dydmdyZHZxa2NkZw==<EOL>
20/08/12 06:53:16 << 235 2.7.0 Accepted<EOL>
20/08/12 06:53:16 >> MAIL FROM: <pushsmsinfo@gmail.com><EOL>
20/08/12 06:53:17 << 250 2.1.0 OK o2sm2321485wrh.70 - gsmtp<EOL>
20/08/12 06:53:17 >> RCPT TO: <raphaelgloire@yahoo.fr><EOL>
20/08/12 06:53:17 << 250 2.1.5 OK o2sm2321485wrh.70 - gsmtp<EOL>
20/08/12 06:53:17 >> DATA<EOL>
20/08/12 06:53:17 << 354  Go ahead o2sm2321485wrh.70 - gsmtp<EOL>
20/08/12 06:53:18 >> Date: Wed, 12 Aug 2020 06:53:17 +0100<EOL>
20/08/12 06:53:18 >> To: raphaelgloire@yahoo.fr<EOL>
20/08/12 06:53:18 >> Subject: Activation Account<EOL>
20/08/12 06:53:18 >> <EOL>
20/08/12 06:53:18 >> Utilisez le lien ci-dessous pour activer votre compte pushSMS. afin de commencer à l utiliser <EOL>
20/08/12 06:53:18 >> http://192.168.8.102:8000/activationAccount/dfa4bb3e4de1e3ec8368dff4ec76e740e355e685 si le lien ne s'active pas automatiquement veuillez svp le copier et coller dans un navigateur <EOL>
20/08/12 06:53:18 >>  Merci de votre confiance<EOL>
20/08/12 06:53:18 >> .<EOL>
20/08/12 06:53:18 << 250 2.0.0 OK  1597211597 o2sm2321485wrh.70 - gsmtp<EOL>
20/08/12 06:53:18 >> QUIT<EOL>
20/08/12 06:53:19 << 221 2.0.0 closing connection o2sm2321485wrh.70 - gsmtp<EOL>
20/08/12 06:53:19 ** Disconnecting from smtp.gmail.com:587
20/08/12 06:53:19 ** Disconnected.
20/08/12 06:53:19 ** Disconnected.
20/08/28 11:45:14 ** --- MESSAGE BEGIN ---
20/08/28 11:45:14 ** To: 7fe64d1d0f1e12d6d9d4fdb1725755d27f64f323
20/08/28 11:45:14 ** Subject: API PROJECT SETTING
20/08/28 11:45:14 ** 
20/08/28 11:45:14 ** Hello ondobo mvolo rapha , your new project have been created successfuly.  \n Here is your api key : db944e058f1c4d91f647eef127ec50cc950435ef\n to execute query here is the link Api : \n  Method GET : \n http://localhost:8000/api/message/db944e058f1c4d91f647eef127ec50cc950435ef/new/LABEL/650786923/Hello%20your%20Api%20work\n Methode POST \n
20/08/28 11:45:14 **             send this data 
20/08/28 11:45:14 **                 \n
20/08/28 11:45:14 **             { \n
20/08/28 11:45:14 **                 "apikey": "Your key api", \n
20/08/28 11:45:14 **                 "from ": "the-label-whow-the-message-send",\n
20/08/28 11:45:14 **                 "to" : "the-number-to-whom-you-are-sending-the-message",\n
20/08/28 11:45:14 **                 "message": "your message"\n
20/08/28 11:45:14 **             }\n
20/08/28 11:45:14 ** 
20/08/28 11:45:14 **             to the link 
20/08/28 11:45:14 **             
20/08/28 11:45:14 **             \n http://localhost:8000/api/message/newPlease Fill free to contact us for any support or consutate our documenttation
20/08/28 11:45:14 ** --- MESSAGE END ---
20/08/28 11:45:15 ** Connecting to smtp.gmail.com:587
20/08/28 11:45:15 ** Connected.
20/08/28 11:45:15 << 220 smtp.gmail.com ESMTP o2sm1440337wrh.70 - gsmtp<EOL>
20/08/28 11:45:15 >> EHLO Rapha.gmail.com<EOL>
20/08/28 11:45:16 << 250-smtp.gmail.com at your service, [154.72.162.172]<EOL>250-SIZE 35882577<EOL>250-8BITMIME<EOL>250-STARTTLS<EOL>250-ENHANCEDSTATUSCODES<EOL>250-PIPELINING<EOL>250-CHUNKING<EOL>250 SMTPUTF8<EOL>
20/08/28 11:45:16 ** Authenticating as pushsmsinfo@gmail.com
20/08/28 11:45:16 >> STARTTLS<EOL>
20/08/28 11:45:16 << 220 2.0.0 Ready to start TLS<EOL>
20/08/28 11:45:17 >> EHLO Rapha.gmail.com<EOL>
20/08/28 11:45:17 << 250-smtp.gmail.com at your service, [154.72.162.172]<EOL>250-SIZE 35882577<EOL>250-8BITMIME<EOL>250-AUTH LOGIN PLAIN XOAUTH2 PLAIN-CLIENTTOKEN OAUTHBEARER XOAUTH<EOL>250-ENHANCEDSTATUSCODES<EOL>250-PIPELINING<EOL>250-CHUNKING<EOL>250 SMTPUTF8<EOL>
20/08/28 11:45:17 >> AUTH LOGIN<EOL>
20/08/28 11:45:18 << 334 VXNlcm5hbWU6<EOL>
20/08/28 11:45:18 >> cHVzaHNtc2luZm9AZ21haWwuY29t<EOL>
20/08/28 11:45:18 << 334 UGFzc3dvcmQ6<EOL>
20/08/28 11:45:18 >> cWVnY3dydmdyZHZxa2NkZw==<EOL>
20/08/28 11:45:19 << 235 2.7.0 Accepted<EOL>
20/08/28 11:45:19 >> MAIL FROM: <pushsmsinfo@gmail.com><EOL>
20/08/28 11:45:19 << 250 2.1.0 OK o2sm1440337wrh.70 - gsmtp<EOL>
20/08/28 11:45:19 >> RCPT TO: <7fe64d1d0f1e12d6d9d4fdb1725755d27f64f323@gmail.com><EOL>
20/08/28 11:45:20 << 250 2.1.5 OK o2sm1440337wrh.70 - gsmtp<EOL>
20/08/28 11:45:20 >> DATA<EOL>
20/08/28 11:45:20 << 354  Go ahead o2sm1440337wrh.70 - gsmtp<EOL>
20/08/28 11:45:20 >> Date: Fri, 28 Aug 2020 11:45:20 +0100<EOL>
20/08/28 11:45:20 >> To: 7fe64d1d0f1e12d6d9d4fdb1725755d27f64f323<EOL>
20/08/28 11:45:20 >> Subject: API PROJECT SETTING<EOL>
20/08/28 11:45:20 >> <EOL>
20/08/28 11:45:20 >> Hello ondobo mvolo rapha , your new project have been created successfuly.  \n Here is your api key : db944e058f1c4d91f647eef127ec50cc950435ef\n to execute query here is the link Api : \n  Method GET : \n http://localhost:8000/api/message/db944e058f1c4d91f647eef127ec50cc950435ef/new/LABEL/650786923/Hello%20your%20Api%20work\n Methode POST \n<EOL>
20/08/28 11:45:20 >>             send this data <EOL>
20/08/28 11:45:20 >>                 \n<EOL>
20/08/28 11:45:20 >>             { \n<EOL>
20/08/28 11:45:20 >>                 "apikey": "Your key api", \n<EOL>
20/08/28 11:45:20 >>                 "from ": "the-label-whow-the-message-send",\n<EOL>
20/08/28 11:45:20 >>                 "to" : "the-number-to-whom-you-are-sending-the-message",\n<EOL>
20/08/28 11:45:20 >>                 "message": "your message"\n<EOL>
20/08/28 11:45:20 >>             }\n<EOL>
20/08/28 11:45:20 >> <EOL>
20/08/28 11:45:20 >>             to the link <EOL>
20/08/28 11:45:20 >>             <EOL>
20/08/28 11:45:20 >>             \n http://localhost:8000/api/message/newPlease Fill free to contact us for any support or consutate our documenttation<EOL>
20/08/28 11:45:20 >> .<EOL>
20/08/28 11:45:22 << 250 2.0.0 OK  1598611522 o2sm1440337wrh.70 - gsmtp<EOL>
20/08/28 11:45:22 >> QUIT<EOL>
20/08/28 11:45:22 << 221 2.0.0 closing connection o2sm1440337wrh.70 - gsmtp<EOL>
20/08/28 11:45:22 ** Disconnected.
20/08/28 11:45:22 ** Disconnected.
20/08/28 11:45:22 ** Disconnected.
20/08/28 11:48:01 ** --- MESSAGE BEGIN ---
20/08/28 11:48:01 ** To: 7fe64d1d0f1e12d6d9d4fdb1725755d27f64f323
20/08/28 11:48:01 ** Subject: API PROJECT SETTING
20/08/28 11:48:01 ** 
20/08/28 11:48:01 ** Hello ondobo mvolo rapha , your new project have been created successfuly.  \n Here is your api key : 9e403394105af72ede640a5e7ecdca2a102c9d83\n to execute query here is the link Api : \n  Method GET : \n http://localhost:8000/api/message/9e403394105af72ede640a5e7ecdca2a102c9d83/new/LABEL/650786923/Hello%20your%20Api%20work\n Methode POST \n
20/08/28 11:48:01 **             send this data 
20/08/28 11:48:01 **                 \n
20/08/28 11:48:01 **             { \n
20/08/28 11:48:01 **                 "apikey": "Your key api", \n
20/08/28 11:48:01 **                 "from ": "the-label-whow-the-message-send",\n
20/08/28 11:48:01 **                 "to" : "the-number-to-whom-you-are-sending-the-message",\n
20/08/28 11:48:01 **                 "message": "your message"\n
20/08/28 11:48:01 **             }\n
20/08/28 11:48:01 ** 
20/08/28 11:48:01 **             to the link 
20/08/28 11:48:01 **             
20/08/28 11:48:01 **             \n http://localhost:8000/api/message/newPlease Fill free to contact us for any support or consutate our documenttation
20/08/28 11:48:01 ** --- MESSAGE END ---
20/08/28 11:48:02 ** Connecting to smtp.gmail.com:587
20/08/28 11:48:02 ** Connected.
20/08/28 11:48:03 << 220 smtp.gmail.com ESMTP a8sm1304524wrh.86 - gsmtp<EOL>
20/08/28 11:48:03 >> EHLO Rapha.gmail.com<EOL>
20/08/28 11:48:03 << 250-smtp.gmail.com at your service, [154.72.161.164]<EOL>250-SIZE 35882577<EOL>250-8BITMIME<EOL>250-STARTTLS<EOL>250-ENHANCEDSTATUSCODES<EOL>250-PIPELINING<EOL>250-CHUNKING<EOL>250 SMTPUTF8<EOL>
20/08/28 11:48:03 ** Authenticating as pushsmsinfo@gmail.com
20/08/28 11:48:03 >> STARTTLS<EOL>
20/08/28 11:48:03 << 220 2.0.0 Ready to start TLS<EOL>
20/08/28 11:48:04 >> EHLO Rapha.gmail.com<EOL>
20/08/28 11:48:04 << 250-smtp.gmail.com at your service, [154.72.161.164]<EOL>250-SIZE 35882577<EOL>250-8BITMIME<EOL>250-AUTH LOGIN PLAIN XOAUTH2 PLAIN-CLIENTTOKEN OAUTHBEARER XOAUTH<EOL>250-ENHANCEDSTATUSCODES<EOL>250-PIPELINING<EOL>250-CHUNKING<EOL>250 SMTPUTF8<EOL>
20/08/28 11:48:04 >> AUTH LOGIN<EOL>
20/08/28 11:48:05 << 334 VXNlcm5hbWU6<EOL>
20/08/28 11:48:05 >> cHVzaHNtc2luZm9AZ21haWwuY29t<EOL>
20/08/28 11:48:05 << 334 UGFzc3dvcmQ6<EOL>
20/08/28 11:48:05 >> cWVnY3dydmdyZHZxa2NkZw==<EOL>
20/08/28 11:48:06 << 235 2.7.0 Accepted<EOL>
20/08/28 11:48:06 >> MAIL FROM: <pushsmsinfo@gmail.com><EOL>
20/08/28 11:48:06 << 250 2.1.0 OK a8sm1304524wrh.86 - gsmtp<EOL>
20/08/28 11:48:06 >> RCPT TO: <7fe64d1d0f1e12d6d9d4fdb1725755d27f64f323@gmail.com><EOL>
20/08/28 11:48:06 << 250 2.1.5 OK a8sm1304524wrh.86 - gsmtp<EOL>
20/08/28 11:48:06 >> DATA<EOL>
20/08/28 11:48:07 << 354  Go ahead a8sm1304524wrh.86 - gsmtp<EOL>
20/08/28 11:48:07 >> Date: Fri, 28 Aug 2020 11:48:07 +0100<EOL>
20/08/28 11:48:07 >> To: 7fe64d1d0f1e12d6d9d4fdb1725755d27f64f323<EOL>
20/08/28 11:48:07 >> Subject: API PROJECT SETTING<EOL>
20/08/28 11:48:07 >> <EOL>
20/08/28 11:48:07 >> Hello ondobo mvolo rapha , your new project have been created successfuly.  \n Here is your api key : 9e403394105af72ede640a5e7ecdca2a102c9d83\n to execute query here is the link Api : \n  Method GET : \n http://localhost:8000/api/message/9e403394105af72ede640a5e7ecdca2a102c9d83/new/LABEL/650786923/Hello%20your%20Api%20work\n Methode POST \n<EOL>
20/08/28 11:48:07 >>             send this data <EOL>
20/08/28 11:48:07 >>                 \n<EOL>
20/08/28 11:48:07 >>             { \n<EOL>
20/08/28 11:48:07 >>                 "apikey": "Your key api", \n<EOL>
20/08/28 11:48:07 >>                 "from ": "the-label-whow-the-message-send",\n<EOL>
20/08/28 11:48:07 >>                 "to" : "the-number-to-whom-you-are-sending-the-message",\n<EOL>
20/08/28 11:48:07 >>                 "message": "your message"\n<EOL>
20/08/28 11:48:07 >>             }\n<EOL>
20/08/28 11:48:07 >> <EOL>
20/08/28 11:48:07 >>             to the link <EOL>
20/08/28 11:48:07 >>             <EOL>
20/08/28 11:48:07 >>             \n http://localhost:8000/api/message/newPlease Fill free to contact us for any support or consutate our documenttation<EOL>
20/08/28 11:48:07 >> .<EOL>
20/08/28 11:48:08 << 250 2.0.0 OK  1598611689 a8sm1304524wrh.86 - gsmtp<EOL>
20/08/28 11:48:08 >> QUIT<EOL>
20/08/28 11:48:08 << 221 2.0.0 closing connection a8sm1304524wrh.86 - gsmtp<EOL>
20/08/28 11:48:08 ** Disconnected.
20/08/28 11:48:08 ** Disconnected.
20/08/28 11:48:08 ** Disconnected.
20/08/28 11:53:07 ** --- MESSAGE BEGIN ---
20/08/28 11:53:07 ** To: raphaondobo@gmail.com
20/08/28 11:53:07 ** Subject: API PROJECT SETTING
20/08/28 11:53:07 ** 
20/08/28 11:53:07 ** Hello ondobo mvolo rapha , your new project have been created successfuly.  \n Here is your api key : 9e403394105af72ede640a5e7ecdca2a102c9d83\n to execute query here is the link Api : \n  Method GET : \n http://localhost:8000/api/message/9e403394105af72ede640a5e7ecdca2a102c9d83/new/LABEL/650786923/Hello%20your%20Api%20work\n Methode POST \n
20/08/28 11:53:07 **             send this data 
20/08/28 11:53:07 **                 \n
20/08/28 11:53:07 **             { \n
20/08/28 11:53:07 **                 "apikey": "Your key api", \n
20/08/28 11:53:07 **                 "from ": "the-label-whow-the-message-send",\n
20/08/28 11:53:07 **                 "to" : "the-number-to-whom-you-are-sending-the-message",\n
20/08/28 11:53:07 **                 "message": "your message"\n
20/08/28 11:53:07 **             }\n
20/08/28 11:53:07 ** 
20/08/28 11:53:07 **             to the link 
20/08/28 11:53:07 **             
20/08/28 11:53:07 **             \n http://localhost:8000/api/message/newPlease Fill free to contact us for any support or consutate our documenttation
20/08/28 11:53:07 ** --- MESSAGE END ---
20/08/28 11:53:08 ** Connecting to smtp.gmail.com:587
20/08/28 11:53:09 ** Connected.
20/08/28 11:53:09 << 220 smtp.gmail.com ESMTP t70sm3441700wmt.3 - gsmtp<EOL>
20/08/28 11:53:09 >> EHLO Rapha.gmail.com<EOL>
20/08/28 11:53:09 << 250-smtp.gmail.com at your service, [154.72.161.164]<EOL>250-SIZE 35882577<EOL>250-8BITMIME<EOL>250-STARTTLS<EOL>250-ENHANCEDSTATUSCODES<EOL>250-PIPELINING<EOL>250-CHUNKING<EOL>250 SMTPUTF8<EOL>
20/08/28 11:53:09 ** Authenticating as pushsmsinfo@gmail.com
20/08/28 11:53:09 >> STARTTLS<EOL>
20/08/28 11:53:10 << 220 2.0.0 Ready to start TLS<EOL>
20/08/28 11:53:11 >> EHLO Rapha.gmail.com<EOL>
20/08/28 11:53:11 << 250-smtp.gmail.com at your service, [154.72.161.164]<EOL>250-SIZE 35882577<EOL>250-8BITMIME<EOL>250-AUTH LOGIN PLAIN XOAUTH2 PLAIN-CLIENTTOKEN OAUTHBEARER XOAUTH<EOL>250-ENHANCEDSTATUSCODES<EOL>250-PIPELINING<EOL>250-CHUNKING<EOL>250 SMTPUTF8<EOL>
20/08/28 11:53:11 >> AUTH LOGIN<EOL>
20/08/28 11:53:11 << 334 VXNlcm5hbWU6<EOL>
20/08/28 11:53:11 >> cHVzaHNtc2luZm9AZ21haWwuY29t<EOL>
20/08/28 11:53:12 << 334 UGFzc3dvcmQ6<EOL>
20/08/28 11:53:12 >> cWVnY3dydmdyZHZxa2NkZw==<EOL>
20/08/28 11:53:12 << 235 2.7.0 Accepted<EOL>
20/08/28 11:53:12 >> MAIL FROM: <pushsmsinfo@gmail.com><EOL>
20/08/28 11:53:12 << 250 2.1.0 OK t70sm3441700wmt.3 - gsmtp<EOL>
20/08/28 11:53:12 >> RCPT TO: <raphaondobo@gmail.com><EOL>
20/08/28 11:53:13 << 250 2.1.5 OK t70sm3441700wmt.3 - gsmtp<EOL>
20/08/28 11:53:13 >> DATA<EOL>
20/08/28 11:53:13 << 354  Go ahead t70sm3441700wmt.3 - gsmtp<EOL>
20/08/28 11:53:13 >> Date: Fri, 28 Aug 2020 11:53:13 +0100<EOL>
20/08/28 11:53:13 >> To: raphaondobo@gmail.com<EOL>
20/08/28 11:53:13 >> Subject: API PROJECT SETTING<EOL>
20/08/28 11:53:13 >> <EOL>
20/08/28 11:53:13 >> Hello ondobo mvolo rapha , your new project have been created successfuly.  \n Here is your api key : 9e403394105af72ede640a5e7ecdca2a102c9d83\n to execute query here is the link Api : \n  Method GET : \n http://localhost:8000/api/message/9e403394105af72ede640a5e7ecdca2a102c9d83/new/LABEL/650786923/Hello%20your%20Api%20work\n Methode POST \n<EOL>
20/08/28 11:53:13 >>             send this data <EOL>
20/08/28 11:53:13 >>                 \n<EOL>
20/08/28 11:53:13 >>             { \n<EOL>
20/08/28 11:53:13 >>                 "apikey": "Your key api", \n<EOL>
20/08/28 11:53:13 >>                 "from ": "the-label-whow-the-message-send",\n<EOL>
20/08/28 11:53:13 >>                 "to" : "the-number-to-whom-you-are-sending-the-message",\n<EOL>
20/08/28 11:53:13 >>                 "message": "your message"\n<EOL>
20/08/28 11:53:13 >>             }\n<EOL>
20/08/28 11:53:13 >> <EOL>
20/08/28 11:53:13 >>             to the link <EOL>
20/08/28 11:53:13 >>             <EOL>
20/08/28 11:53:13 >>             \n http://localhost:8000/api/message/newPlease Fill free to contact us for any support or consutate our documenttation<EOL>
20/08/28 11:53:13 >> .<EOL>
20/08/28 11:53:14 << 250 2.0.0 OK  1598611995 t70sm3441700wmt.3 - gsmtp<EOL>
20/08/28 11:53:14 >> QUIT<EOL>
20/08/28 11:53:15 << 221 2.0.0 closing connection t70sm3441700wmt.3 - gsmtp<EOL>
20/08/28 11:53:15 ** Disconnected.
20/08/28 11:53:15 ** Disconnected.
20/08/28 11:53:15 ** Disconnected.
20/08/28 11:56:15 ** --- MESSAGE BEGIN ---
20/08/28 11:56:15 ** To: raphaondobo@gmail.com
20/08/28 11:56:15 ** Subject: API PROJECT SETTING
20/08/28 11:56:15 ** 
20/08/28 11:56:15 ** Hello ondobo mvolo rapha , 
20/08/28 11:56:15 **         your new project have been created successfuly.
20/08/28 11:56:15 **         Here is your api key : 9e403394105af72ede640a5e7ecdca2a102c9d83 to execute query here is the link Api : 
20/08/28 11:56:15 **           Method GET : http://localhost:8000/api/message/9e403394105af72ede640a5e7ecdca2a102c9d83/new/LABEL/650786923/Hello%20your%20Api%20work\n Methode POST \n
20/08/28 11:56:15 **             send this data   
20/08/28 11:56:15 **             { 
20/08/28 11:56:15 **                 "apikey": "Your key api", \n
20/08/28 11:56:15 **                 "from ": "the-label-whow-the-message-send",\n
20/08/28 11:56:15 **                 "to" : "the-number-to-whom-you-are-sending-the-message",\n
20/08/28 11:56:15 **                 "message": "your message"\n
20/08/28 11:56:15 **             }
20/08/28 11:56:15 ** 
20/08/28 11:56:15 **             to the link http://localhost:8000/api/message/new Please Fill free to contact us for any support or consutate our documenttation
20/08/28 11:56:15 ** --- MESSAGE END ---
20/08/28 11:56:16 ** Connecting to smtp.gmail.com:587
20/08/28 11:56:18 ** Connected.
20/08/28 11:56:18 << 220 smtp.gmail.com ESMTP p1sm3270440wma.0 - gsmtp<EOL>
20/08/28 11:56:18 >> EHLO Rapha.gmail.com<EOL>
20/08/28 11:56:18 << 250-smtp.gmail.com at your service, [154.72.161.164]<EOL>250-SIZE 35882577<EOL>250-8BITMIME<EOL>250-STARTTLS<EOL>250-ENHANCEDSTATUSCODES<EOL>250-PIPELINING<EOL>250-CHUNKING<EOL>250 SMTPUTF8<EOL>
20/08/28 11:56:18 ** Authenticating as pushsmsinfo@gmail.com
20/08/28 11:56:18 >> STARTTLS<EOL>
20/08/28 11:56:19 << 220 2.0.0 Ready to start TLS<EOL>
20/08/28 11:56:19 >> EHLO Rapha.gmail.com<EOL>
20/08/28 11:56:20 << 250-smtp.gmail.com at your service, [154.72.161.164]<EOL>250-SIZE 35882577<EOL>250-8BITMIME<EOL>250-AUTH LOGIN PLAIN XOAUTH2 PLAIN-CLIENTTOKEN OAUTHBEARER XOAUTH<EOL>250-ENHANCEDSTATUSCODES<EOL>250-PIPELINING<EOL>250-CHUNKING<EOL>250 SMTPUTF8<EOL>
20/08/28 11:56:20 >> AUTH LOGIN<EOL>
20/08/28 11:56:20 << 334 VXNlcm5hbWU6<EOL>
20/08/28 11:56:20 >> cHVzaHNtc2luZm9AZ21haWwuY29t<EOL>
20/08/28 11:56:21 << 334 UGFzc3dvcmQ6<EOL>
20/08/28 11:56:21 >> cWVnY3dydmdyZHZxa2NkZw==<EOL>
20/08/28 11:56:21 << 235 2.7.0 Accepted<EOL>
20/08/28 11:56:21 >> MAIL FROM: <pushsmsinfo@gmail.com><EOL>
20/08/28 11:56:21 << 250 2.1.0 OK p1sm3270440wma.0 - gsmtp<EOL>
20/08/28 11:56:21 >> RCPT TO: <raphaondobo@gmail.com><EOL>
20/08/28 11:56:22 << 250 2.1.5 OK p1sm3270440wma.0 - gsmtp<EOL>
20/08/28 11:56:22 >> DATA<EOL>
20/08/28 11:56:22 << 354  Go ahead p1sm3270440wma.0 - gsmtp<EOL>
20/08/28 11:56:22 >> Date: Fri, 28 Aug 2020 11:56:22 +0100<EOL>
20/08/28 11:56:22 >> To: raphaondobo@gmail.com<EOL>
20/08/28 11:56:22 >> Subject: API PROJECT SETTING<EOL>
20/08/28 11:56:22 >> <EOL>
20/08/28 11:56:22 >> Hello ondobo mvolo rapha , <EOL>
20/08/28 11:56:22 >>         your new project have been created successfuly.<EOL>
20/08/28 11:56:22 >>         Here is your api key : 9e403394105af72ede640a5e7ecdca2a102c9d83 to execute query here is the link Api : <EOL>
20/08/28 11:56:22 >>           Method GET : http://localhost:8000/api/message/9e403394105af72ede640a5e7ecdca2a102c9d83/new/LABEL/650786923/Hello%20your%20Api%20work\n Methode POST \n<EOL>
20/08/28 11:56:22 >>             send this data   <EOL>
20/08/28 11:56:22 >>             { <EOL>
20/08/28 11:56:22 >>                 "apikey": "Your key api", \n<EOL>
20/08/28 11:56:22 >>                 "from ": "the-label-whow-the-message-send",\n<EOL>
20/08/28 11:56:22 >>                 "to" : "the-number-to-whom-you-are-sending-the-message",\n<EOL>
20/08/28 11:56:22 >>                 "message": "your message"\n<EOL>
20/08/28 11:56:22 >>             }<EOL>
20/08/28 11:56:22 >> <EOL>
20/08/28 11:56:22 >>             to the link http://localhost:8000/api/message/new Please Fill free to contact us for any support or consutate our documenttation<EOL>
20/08/28 11:56:22 >> .<EOL>
20/08/28 11:56:23 << 250 2.0.0 OK  1598612184 p1sm3270440wma.0 - gsmtp<EOL>
20/08/28 11:56:23 >> QUIT<EOL>
20/08/28 11:56:24 << 221 2.0.0 closing connection p1sm3270440wma.0 - gsmtp<EOL>
20/08/28 11:56:24 ** Disconnecting from smtp.gmail.com:587
20/08/28 11:56:24 ** Disconnected.
20/08/28 11:56:24 ** Disconnected.
20/08/28 12:00:35 ** --- MESSAGE BEGIN ---
20/08/28 12:00:35 ** To: raphaondobo@gmail.com
20/08/28 12:00:35 ** Subject: API PROJECT SETTING
20/08/28 12:00:35 ** 
20/08/28 12:00:35 ** Hello ondobo mvolo rapha , 
20/08/28 12:00:35 **         your new project have been created successfuly.
20/08/28 12:00:35 **         Here is your api key : 9e403394105af72ede640a5e7ecdca2a102c9d83 to execute query here is the link Api : 
20/08/28 12:00:35 ** 
20/08/28 12:00:35 ** 
20/08/28 12:00:35 **           Method GET : http://localhost:8000/api/message/9e403394105af72ede640a5e7ecdca2a102c9d83/new/LABEL/650786923/Hello%20your%20Api%20work
20/08/28 12:00:35 **             
20/08/28 12:00:35 **             Methode POST \n
20/08/28 12:00:35 ** 
20/08/28 12:00:35 ** 
20/08/28 12:00:35 **             send this data   
20/08/28 12:00:35 **             Message { 
20/08/28 12:00:35 **                 "apikey": "Your key api",
20/08/28 12:00:35 **                 
20/08/28 12:00:35 **                 "from ": "the-label-whow-the-message-send",
20/08/28 12:00:35 **                 
20/08/28 12:00:35 **                 "to" : "the-number-to-whom-you-are-sending-the-message",
20/08/28 12:00:35 ** 
20/08/28 12:00:35 **                 "message": "your message"\n
20/08/28 12:00:35 **             }
20/08/28 12:00:35 ** 
20/08/28 12:00:35 **             apikey : the api your receive
20/08/28 12:00:35 ** 
20/08/28 12:00:35 **             from : the label you want to see appearing as the sender
20/08/28 12:00:35 **             to : the number of the person you want to send the message
20/08/28 12:00:35 ** 
20/08/28 12:00:35 **             message : the message you want to send to the person            
20/08/28 12:00:35 ** 
20/08/28 12:00:35 **             to the link http://localhost:8000/api/message/new Please Fill free to contact us for any support or consutate our documenttation
20/08/28 12:00:35 ** --- MESSAGE END ---
20/08/28 12:00:36 ** Connecting to smtp.gmail.com:587
20/08/28 12:00:37 ** Connected.
20/08/28 12:00:37 << 220 smtp.gmail.com ESMTP v12sm1336458wri.47 - gsmtp<EOL>
20/08/28 12:00:37 >> EHLO Rapha.gmail.com<EOL>
20/08/28 12:00:37 << 250-smtp.gmail.com at your service, [154.72.161.164]<EOL>250-SIZE 35882577<EOL>250-8BITMIME<EOL>250-STARTTLS<EOL>250-ENHANCEDSTATUSCODES<EOL>250-PIPELINING<EOL>250-CHUNKING<EOL>250 SMTPUTF8<EOL>
20/08/28 12:00:37 ** Authenticating as pushsmsinfo@gmail.com
20/08/28 12:00:37 >> STARTTLS<EOL>
20/08/28 12:00:38 << 220 2.0.0 Ready to start TLS<EOL>
20/08/28 12:00:39 >> EHLO Rapha.gmail.com<EOL>
20/08/28 12:00:39 << 250-smtp.gmail.com at your service, [154.72.161.164]<EOL>250-SIZE 35882577<EOL>250-8BITMIME<EOL>250-AUTH LOGIN PLAIN XOAUTH2 PLAIN-CLIENTTOKEN OAUTHBEARER XOAUTH<EOL>250-ENHANCEDSTATUSCODES<EOL>250-PIPELINING<EOL>250-CHUNKING<EOL>250 SMTPUTF8<EOL>
20/08/28 12:00:39 >> AUTH LOGIN<EOL>
20/08/28 12:00:39 << 334 VXNlcm5hbWU6<EOL>
20/08/28 12:00:39 >> cHVzaHNtc2luZm9AZ21haWwuY29t<EOL>
20/08/28 12:00:40 << 334 UGFzc3dvcmQ6<EOL>
20/08/28 12:00:40 >> cWVnY3dydmdyZHZxa2NkZw==<EOL>
20/08/28 12:00:40 << 235 2.7.0 Accepted<EOL>
20/08/28 12:00:40 >> MAIL FROM: <pushsmsinfo@gmail.com><EOL>
20/08/28 12:00:40 << 250 2.1.0 OK v12sm1336458wri.47 - gsmtp<EOL>
20/08/28 12:00:40 >> RCPT TO: <raphaondobo@gmail.com><EOL>
20/08/28 12:00:41 << 250 2.1.5 OK v12sm1336458wri.47 - gsmtp<EOL>
20/08/28 12:00:41 >> DATA<EOL>
20/08/28 12:00:41 << 354  Go ahead v12sm1336458wri.47 - gsmtp<EOL>
20/08/28 12:00:41 >> Date: Fri, 28 Aug 2020 12:00:41 +0100<EOL>
20/08/28 12:00:41 >> To: raphaondobo@gmail.com<EOL>
20/08/28 12:00:41 >> Subject: API PROJECT SETTING<EOL>
20/08/28 12:00:41 >> <EOL>
20/08/28 12:00:41 >> Hello ondobo mvolo rapha , <EOL>
20/08/28 12:00:41 >>         your new project have been created successfuly.<EOL>
20/08/28 12:00:41 >>         Here is your api key : 9e403394105af72ede640a5e7ecdca2a102c9d83 to execute query here is the link Api : <EOL>
20/08/28 12:00:41 >> <EOL>
20/08/28 12:00:41 >> <EOL>
20/08/28 12:00:41 >>           Method GET : http://localhost:8000/api/message/9e403394105af72ede640a5e7ecdca2a102c9d83/new/LABEL/650786923/Hello%20your%20Api%20work<EOL>
20/08/28 12:00:41 >>             <EOL>
20/08/28 12:00:41 >>             Methode POST \n<EOL>
20/08/28 12:00:41 >> <EOL>
20/08/28 12:00:41 >> <EOL>
20/08/28 12:00:41 >>             send this data   <EOL>
20/08/28 12:00:41 >>             Message { <EOL>
20/08/28 12:00:41 >>                 "apikey": "Your key api",<EOL>
20/08/28 12:00:41 >>                 <EOL>
20/08/28 12:00:41 >>                 "from ": "the-label-whow-the-message-send",<EOL>
20/08/28 12:00:41 >>                 <EOL>
20/08/28 12:00:41 >>                 "to" : "the-number-to-whom-you-are-sending-the-message",<EOL>
20/08/28 12:00:41 >> <EOL>
20/08/28 12:00:41 >>                 "message": "your message"\n<EOL>
20/08/28 12:00:41 >>             }<EOL>
20/08/28 12:00:41 >> <EOL>
20/08/28 12:00:41 >>             apikey : the api your receive<EOL>
20/08/28 12:00:41 >> <EOL>
20/08/28 12:00:41 >>             from : the label you want to see appearing as the sender<EOL>
20/08/28 12:00:41 >>             to : the number of the person you want to send the message<EOL>
20/08/28 12:00:41 >> <EOL>
20/08/28 12:00:41 >>             message : the message you want to send to the person            <EOL>
20/08/28 12:00:41 >> <EOL>
20/08/28 12:00:41 >>             to the link http://localhost:8000/api/message/new Please Fill free to contact us for any support or consutate our documenttation<EOL>
20/08/28 12:00:41 >> .<EOL>
20/08/28 12:00:42 << 250 2.0.0 OK  1598612443 v12sm1336458wri.47 - gsmtp<EOL>
20/08/28 12:00:42 >> QUIT<EOL>
20/08/28 12:00:43 << 221 2.0.0 closing connection v12sm1336458wri.47 - gsmtp<EOL>
20/08/28 12:00:43 ** Disconnecting from smtp.gmail.com:587
20/08/28 12:00:43 ** Disconnected.
20/08/28 12:00:43 ** Disconnected.
20/08/28 16:52:33 ** --- MESSAGE BEGIN ---
20/08/28 16:52:33 ** To: raphaondobo@gmail.com
20/08/28 16:52:33 ** Subject: API PROJECT SETTING
20/08/28 16:52:33 ** 
20/08/28 16:52:33 ** Hello ondobo mvolo rapha , 
20/08/28 16:52:33 **         your new project have been created successfuly.
20/08/28 16:52:33 **         Here is your api key : 1848f09f0dadf17a9e4251e608b87f78cb3849c0 to execute query here is the link Api : 
20/08/28 16:52:33 ** 
20/08/28 16:52:33 ** 
20/08/28 16:52:33 **           Method GET : http://192.168.10.13:8000/api/message/1848f09f0dadf17a9e4251e608b87f78cb3849c0/new/LABEL/650786923/Hello%20your%20Api%20work
20/08/28 16:52:33 **             
20/08/28 16:52:33 **             Methode POST \n
20/08/28 16:52:33 ** 
20/08/28 16:52:33 ** 
20/08/28 16:52:33 **             send this data   
20/08/28 16:52:34 **             Message { 
20/08/28 16:52:34 **                 "apikey": "Your key api",
20/08/28 16:52:34 **                 
20/08/28 16:52:34 **                 "from ": "the-label-whow-the-message-send",
20/08/28 16:52:34 **                 
20/08/28 16:52:34 **                 "to" : "the-number-to-whom-you-are-sending-the-message",
20/08/28 16:52:34 ** 
20/08/28 16:52:34 **                 "message": "your message"\n
20/08/28 16:52:34 **             }
20/08/28 16:52:34 ** 
20/08/28 16:52:34 **             apikey : the api your receive
20/08/28 16:52:34 ** 
20/08/28 16:52:34 **             from : the label you want to see appearing as the sender
20/08/28 16:52:34 **             to : the number of the person you want to send the message
20/08/28 16:52:34 ** 
20/08/28 16:52:34 **             message : the message you want to send to the person            
20/08/28 16:52:34 ** 
20/08/28 16:52:34 **             to the link http://192.168.10.13:8000/api/message/new Please Fill free to contact us for any support or consutate our documenttation
20/08/28 16:52:34 ** --- MESSAGE END ---
20/08/28 16:52:35 ** Connecting to smtp.gmail.com:587
20/08/28 16:52:35 ** Connected.
20/08/28 16:52:35 << 220 smtp.gmail.com ESMTP d21sm3109900wmd.41 - gsmtp<EOL>
20/08/28 16:52:35 >> EHLO Rapha.gmail.com<EOL>
20/08/28 16:52:36 << 250-smtp.gmail.com at your service, [154.72.162.168]<EOL>250-SIZE 35882577<EOL>250-8BITMIME<EOL>250-STARTTLS<EOL>250-ENHANCEDSTATUSCODES<EOL>250-PIPELINING<EOL>250-CHUNKING<EOL>250 SMTPUTF8<EOL>
20/08/28 16:52:36 ** Authenticating as pushsmsinfo@gmail.com
20/08/28 16:52:36 >> STARTTLS<EOL>
20/08/28 16:52:36 << 220 2.0.0 Ready to start TLS<EOL>
20/08/28 16:52:37 >> EHLO Rapha.gmail.com<EOL>
20/08/28 16:52:38 << 250-smtp.gmail.com at your service, [154.72.162.168]<EOL>250-SIZE 35882577<EOL>250-8BITMIME<EOL>250-AUTH LOGIN PLAIN XOAUTH2 PLAIN-CLIENTTOKEN OAUTHBEARER XOAUTH<EOL>250-ENHANCEDSTATUSCODES<EOL>250-PIPELINING<EOL>250-CHUNKING<EOL>250 SMTPUTF8<EOL>
20/08/28 16:52:38 >> AUTH LOGIN<EOL>
20/08/28 16:52:38 << 334 VXNlcm5hbWU6<EOL>
20/08/28 16:52:38 >> cHVzaHNtc2luZm9AZ21haWwuY29t<EOL>
20/08/28 16:52:38 << 334 UGFzc3dvcmQ6<EOL>
20/08/28 16:52:38 >> cWVnY3dydmdyZHZxa2NkZw==<EOL>
20/08/28 16:52:39 << 235 2.7.0 Accepted<EOL>
20/08/28 16:52:39 >> MAIL FROM: <pushsmsinfo@gmail.com><EOL>
20/08/28 16:52:39 << 250 2.1.0 OK d21sm3109900wmd.41 - gsmtp<EOL>
20/08/28 16:52:39 >> RCPT TO: <raphaondobo@gmail.com><EOL>
20/08/28 16:52:39 << 250 2.1.5 OK d21sm3109900wmd.41 - gsmtp<EOL>
20/08/28 16:52:39 >> DATA<EOL>
20/08/28 16:52:40 << 354  Go ahead d21sm3109900wmd.41 - gsmtp<EOL>
20/08/28 16:52:40 >> Date: Fri, 28 Aug 2020 16:52:40 +0100<EOL>
20/08/28 16:52:40 >> To: raphaondobo@gmail.com<EOL>
20/08/28 16:52:40 >> Subject: API PROJECT SETTING<EOL>
20/08/28 16:52:40 >> <EOL>
20/08/28 16:52:40 >> Hello ondobo mvolo rapha , <EOL>
20/08/28 16:52:40 >>         your new project have been created successfuly.<EOL>
20/08/28 16:52:40 >>         Here is your api key : 1848f09f0dadf17a9e4251e608b87f78cb3849c0 to execute query here is the link Api : <EOL>
20/08/28 16:52:40 >> <EOL>
20/08/28 16:52:40 >> <EOL>
20/08/28 16:52:40 >>           Method GET : http://192.168.10.13:8000/api/message/1848f09f0dadf17a9e4251e608b87f78cb3849c0/new/LABEL/650786923/Hello%20your%20Api%20work<EOL>
20/08/28 16:52:40 >>             <EOL>
20/08/28 16:52:40 >>             Methode POST \n<EOL>
20/08/28 16:52:40 >> <EOL>
20/08/28 16:52:40 >> <EOL>
20/08/28 16:52:40 >>             send this data   <EOL>
20/08/28 16:52:40 >>             Message { <EOL>
20/08/28 16:52:40 >>                 "apikey": "Your key api",<EOL>
20/08/28 16:52:40 >>                 <EOL>
20/08/28 16:52:40 >>                 "from ": "the-label-whow-the-message-send",<EOL>
20/08/28 16:52:40 >>                 <EOL>
20/08/28 16:52:40 >>                 "to" : "the-number-to-whom-you-are-sending-the-message",<EOL>
20/08/28 16:52:40 >> <EOL>
20/08/28 16:52:40 >>                 "message": "your message"\n<EOL>
20/08/28 16:52:40 >>             }<EOL>
20/08/28 16:52:40 >> <EOL>
20/08/28 16:52:40 >>             apikey : the api your receive<EOL>
20/08/28 16:52:40 >> <EOL>
20/08/28 16:52:40 >>             from : the label you want to see appearing as the sender<EOL>
20/08/28 16:52:40 >>             to : the number of the person you want to send the message<EOL>
20/08/28 16:52:40 >> <EOL>
20/08/28 16:52:40 >>             message : the message you want to send to the person            <EOL>
20/08/28 16:52:40 >> <EOL>
20/08/28 16:52:40 >>             to the link http://192.168.10.13:8000/api/message/new Please Fill free to contact us for any support or consutate our documenttation<EOL>
20/08/28 16:52:40 >> .<EOL>
20/08/28 16:52:41 << 250 2.0.0 OK  1598629962 d21sm3109900wmd.41 - gsmtp<EOL>
20/08/28 16:52:41 >> QUIT<EOL>
20/08/28 16:52:42 << 221 2.0.0 closing connection d21sm3109900wmd.41 - gsmtp<EOL>
20/08/28 16:52:42 ** Disconnected.
20/08/28 16:52:42 ** Disconnected.
20/08/28 16:52:42 ** Disconnected.
20/08/28 17:02:27 ** --- MESSAGE BEGIN ---
20/08/28 17:02:27 ** To: raphaondobo@gmail.com
20/08/28 17:02:27 ** Subject: API PROJECT SETTING
20/08/28 17:02:27 ** 
20/08/28 17:02:27 ** Hello ondobo mvolo rapha , 
20/08/28 17:02:27 ** 
20/08/28 17:02:27 **         Your new project have been created successfuly.
20/08/28 17:02:27 **         Here is your api key :
20/08/28 17:02:27 **          1e3be0a63d8e01fe248cd684073345d260bad479
20/08/28 17:02:27 **         to execute query here is the link Api : 
20/08/28 17:02:27 ** 
20/08/28 17:02:27 ** 
20/08/28 17:02:27 **           Method GET : 
20/08/28 17:02:27 **           
20/08/28 17:02:27 **           http://192.168.10.13:8000/api/message/1e3be0a63d8e01fe248cd684073345d260bad479/new/LABEL/650786923/Hello_your_Api_work
20/08/28 17:02:27 **             
20/08/28 17:02:27 **             Methode POST 
20/08/28 17:02:27 ** 
20/08/28 17:02:27 ** 
20/08/28 17:02:27 **             send this data   
20/08/28 17:02:27 **             
20/08/28 17:02:27 **             { 
20/08/28 17:02:27 **                 "apikey": "Your key api",
20/08/28 17:02:27 **                 
20/08/28 17:02:27 **                 "from ": "the-label-whow-the-message-send",
20/08/28 17:02:27 **                 
20/08/28 17:02:27 **                 "to" : "the-number-to-whom-you-are-sending-the-message",
20/08/28 17:02:27 ** 
20/08/28 17:02:27 **                 "message": "your message"
20/08/28 17:02:27 **             }
20/08/28 17:02:27 ** 
20/08/28 17:02:27 **             apikey : the api your receive
20/08/28 17:02:27 ** 
20/08/28 17:02:27 **             from : the label you want to see appearing as the sender
20/08/28 17:02:27 **             to : the number of the person you want to send the message
20/08/28 17:02:27 ** 
20/08/28 17:02:27 **             message : the message you want to send to the person            
20/08/28 17:02:28 ** 
20/08/28 17:02:28 **             to the link http://192.168.10.13:8000/api/message/new 
20/08/28 17:02:28 **             
20/08/28 17:02:28 **             Please Fill free to contact us on this phone number +237 650786923 for any support 
20/08/28 17:02:28 **             or throuth our email support@pushsms.com 
20/08/28 17:02:28 **             
20/08/28 17:02:28 **             you can also read our documenttation on our web site
20/08/28 17:02:28 **             
20/08/28 17:02:28 **             
20/08/28 17:02:28 **             
20/08/28 17:02:28 ** --- MESSAGE END ---
20/08/28 17:02:28 ** Connecting to smtp.gmail.com:587
20/08/28 17:02:30 ** Connected.
20/08/28 17:02:30 << 220 smtp.gmail.com ESMTP c206sm3041820wmf.47 - gsmtp<EOL>
20/08/28 17:02:30 >> EHLO Rapha.gmail.com<EOL>
20/08/28 17:02:30 << 250-smtp.gmail.com at your service, [154.72.160.205]<EOL>250-SIZE 35882577<EOL>250-8BITMIME<EOL>250-STARTTLS<EOL>250-ENHANCEDSTATUSCODES<EOL>250-PIPELINING<EOL>250-CHUNKING<EOL>250 SMTPUTF8<EOL>
20/08/28 17:02:30 ** Authenticating as pushsmsinfo@gmail.com
20/08/28 17:02:30 >> STARTTLS<EOL>
20/08/28 17:02:30 << 220 2.0.0 Ready to start TLS<EOL>
20/08/28 17:02:30 >> EHLO Rapha.gmail.com<EOL>
20/08/28 17:02:31 << 250-smtp.gmail.com at your service, [154.72.160.205]<EOL>250-SIZE 35882577<EOL>250-8BITMIME<EOL>250-AUTH LOGIN PLAIN XOAUTH2 PLAIN-CLIENTTOKEN OAUTHBEARER XOAUTH<EOL>250-ENHANCEDSTATUSCODES<EOL>250-PIPELINING<EOL>250-CHUNKING<EOL>250 SMTPUTF8<EOL>
20/08/28 17:02:31 >> AUTH LOGIN<EOL>
20/08/28 17:02:31 << 334 VXNlcm5hbWU6<EOL>
20/08/28 17:02:31 >> cHVzaHNtc2luZm9AZ21haWwuY29t<EOL>
20/08/28 17:02:32 << 334 UGFzc3dvcmQ6<EOL>
20/08/28 17:02:32 >> cWVnY3dydmdyZHZxa2NkZw==<EOL>
20/08/28 17:02:32 << 235 2.7.0 Accepted<EOL>
20/08/28 17:02:32 >> MAIL FROM: <pushsmsinfo@gmail.com><EOL>
20/08/28 17:02:32 << 250 2.1.0 OK c206sm3041820wmf.47 - gsmtp<EOL>
20/08/28 17:02:32 >> RCPT TO: <raphaondobo@gmail.com><EOL>
20/08/28 17:02:32 << 250 2.1.5 OK c206sm3041820wmf.47 - gsmtp<EOL>
20/08/28 17:02:32 >> DATA<EOL>
20/08/28 17:02:33 << 354  Go ahead c206sm3041820wmf.47 - gsmtp<EOL>
20/08/28 17:02:33 >> Date: Fri, 28 Aug 2020 17:02:33 +0100<EOL>
20/08/28 17:02:33 >> To: raphaondobo@gmail.com<EOL>
20/08/28 17:02:33 >> Subject: API PROJECT SETTING<EOL>
20/08/28 17:02:33 >> <EOL>
20/08/28 17:02:33 >> Hello ondobo mvolo rapha , <EOL>
20/08/28 17:02:33 >> <EOL>
20/08/28 17:02:33 >>         Your new project have been created successfuly.<EOL>
20/08/28 17:02:33 >>         Here is your api key :<EOL>
20/08/28 17:02:33 >>          1e3be0a63d8e01fe248cd684073345d260bad479<EOL>
20/08/28 17:02:33 >>         to execute query here is the link Api : <EOL>
20/08/28 17:02:33 >> <EOL>
20/08/28 17:02:33 >> <EOL>
20/08/28 17:02:33 >>           Method GET : <EOL>
20/08/28 17:02:33 >>           <EOL>
20/08/28 17:02:33 >>           http://192.168.10.13:8000/api/message/1e3be0a63d8e01fe248cd684073345d260bad479/new/LABEL/650786923/Hello_your_Api_work<EOL>
20/08/28 17:02:33 >>             <EOL>
20/08/28 17:02:33 >>             Methode POST <EOL>
20/08/28 17:02:33 >> <EOL>
20/08/28 17:02:33 >> <EOL>
20/08/28 17:02:33 >>             send this data   <EOL>
20/08/28 17:02:33 >>             <EOL>
20/08/28 17:02:33 >>             { <EOL>
20/08/28 17:02:33 >>                 "apikey": "Your key api",<EOL>
20/08/28 17:02:33 >>                 <EOL>
20/08/28 17:02:33 >>                 "from ": "the-label-whow-the-message-send",<EOL>
20/08/28 17:02:33 >>                 <EOL>
20/08/28 17:02:33 >>                 "to" : "the-number-to-whom-you-are-sending-the-message",<EOL>
20/08/28 17:02:33 >> <EOL>
20/08/28 17:02:33 >>                 "message": "your message"<EOL>
20/08/28 17:02:33 >>             }<EOL>
20/08/28 17:02:33 >> <EOL>
20/08/28 17:02:33 >>             apikey : the api your receive<EOL>
20/08/28 17:02:33 >> <EOL>
20/08/28 17:02:33 >>             from : the label you want to see appearing as the sender<EOL>
20/08/28 17:02:33 >>             to : the number of the person you want to send the message<EOL>
20/08/28 17:02:33 >> <EOL>
20/08/28 17:02:33 >>             message : the message you want to send to the person            <EOL>
20/08/28 17:02:33 >> <EOL>
20/08/28 17:02:33 >>             to the link http://192.168.10.13:8000/api/message/new <EOL>
20/08/28 17:02:33 >>             <EOL>
20/08/28 17:02:33 >>             Please Fill free to contact us on this phone number +237 650786923 for any support <EOL>
20/08/28 17:02:33 >>             or throuth our email support@pushsms.com <EOL>
20/08/28 17:02:33 >>             <EOL>
20/08/28 17:02:33 >>             you can also read our documenttation on our web site<EOL>
20/08/28 17:02:33 >>             <EOL>
20/08/28 17:02:33 >>             <EOL>
20/08/28 17:02:33 >>             <EOL>
20/08/28 17:02:33 >> .<EOL>
20/08/28 17:02:34 << 250 2.0.0 OK  1598630555 c206sm3041820wmf.47 - gsmtp<EOL>
20/08/28 17:02:34 >> QUIT<EOL>
20/08/28 17:02:34 << 221 2.0.0 closing connection c206sm3041820wmf.47 - gsmtp<EOL>
20/08/28 17:02:34 ** Disconnected.
20/08/28 17:02:34 ** Disconnected.
20/08/28 17:02:34 ** Disconnected.
